
*** Running vivado
    with args -log apuf_parallel_uart_design_uart_tx_0_0.vds -m64 -product Vivado -mode batch -messageDb vivado.pb -notrace -source apuf_parallel_uart_design_uart_tx_0_0.tcl


****** Vivado v2018.2 (64-bit)
  **** SW Build 2258646 on Thu Jun 14 20:03:12 MDT 2018
  **** IP Build 2256618 on Thu Jun 14 22:10:49 MDT 2018
    ** Copyright 1986-2018 Xilinx, Inc. All Rights Reserved.

source apuf_parallel_uart_design_uart_tx_0_0.tcl -notrace
Command: synth_design -top apuf_parallel_uart_design_uart_tx_0_0 -part xc7z010clg400-1 -mode out_of_context
Starting synth_design
Attempting to get a license for feature 'Synthesis' and/or device 'xc7z010'
INFO: [Common 17-349] Got license for feature 'Synthesis' and/or device 'xc7z010'
INFO: Launching helper process for spawning children vivado processes
INFO: Helper process launched with PID 30504 
---------------------------------------------------------------------------------
Starting RTL Elaboration : Time (s): cpu = 00:00:03 ; elapsed = 00:00:03 . Memory (MB): peak = 471.648 ; gain = 94.043
---------------------------------------------------------------------------------
INFO: [Synth 8-6157] synthesizing module 'apuf_parallel_uart_design_uart_tx_0_0' [d:/WorkSpace/HDL/yadro_practice/project/apuf_parallel_uart_v1.0/apuf_parallel_uart_v1.0.srcs/sources_1/bd/apuf_parallel_uart_design/ip/apuf_parallel_uart_design_uart_tx_0_0/synth/apuf_parallel_uart_design_uart_tx_0_0.v:58]
INFO: [Synth 8-6157] synthesizing module 'uart_tx_v_wrapper' [d:/WorkSpace/HDL/yadro_practice/project/apuf_parallel_uart_v1.0/apuf_parallel_uart_v1.0.srcs/sources_1/bd/apuf_parallel_uart_design/ipshared/9427/src/uart_tx_v_wrapper.v:4]
INFO: [Synth 8-6157] synthesizing module 'uart_tx' [d:/WorkSpace/HDL/yadro_practice/project/apuf_parallel_uart_v1.0/apuf_parallel_uart_v1.0.srcs/sources_1/bd/apuf_parallel_uart_design/ipshared/9427/src/uart_tx.sv:11]
INFO: [Synth 8-294] found qualifier unique on case statement: implementing as parallel_case [d:/WorkSpace/HDL/yadro_practice/project/apuf_parallel_uart_v1.0/apuf_parallel_uart_v1.0.srcs/sources_1/bd/apuf_parallel_uart_design/ipshared/9427/src/uart_tx.sv:64]
INFO: [Synth 8-226] default block is never used [d:/WorkSpace/HDL/yadro_practice/project/apuf_parallel_uart_v1.0/apuf_parallel_uart_v1.0.srcs/sources_1/bd/apuf_parallel_uart_design/ipshared/9427/src/uart_tx.sv:64]
INFO: [Synth 8-294] found qualifier unique on case statement: implementing as parallel_case [d:/WorkSpace/HDL/yadro_practice/project/apuf_parallel_uart_v1.0/apuf_parallel_uart_v1.0.srcs/sources_1/bd/apuf_parallel_uart_design/ipshared/9427/src/uart_tx.sv:106]
INFO: [Synth 8-226] default block is never used [d:/WorkSpace/HDL/yadro_practice/project/apuf_parallel_uart_v1.0/apuf_parallel_uart_v1.0.srcs/sources_1/bd/apuf_parallel_uart_design/ipshared/9427/src/uart_tx.sv:106]
INFO: [Synth 8-6155] done synthesizing module 'uart_tx' (1#1) [d:/WorkSpace/HDL/yadro_practice/project/apuf_parallel_uart_v1.0/apuf_parallel_uart_v1.0.srcs/sources_1/bd/apuf_parallel_uart_design/ipshared/9427/src/uart_tx.sv:11]
INFO: [Synth 8-6155] done synthesizing module 'uart_tx_v_wrapper' (2#1) [d:/WorkSpace/HDL/yadro_practice/project/apuf_parallel_uart_v1.0/apuf_parallel_uart_v1.0.srcs/sources_1/bd/apuf_parallel_uart_design/ipshared/9427/src/uart_tx_v_wrapper.v:4]
INFO: [Synth 8-6155] done synthesizing module 'apuf_parallel_uart_design_uart_tx_0_0' (3#1) [d:/WorkSpace/HDL/yadro_practice/project/apuf_parallel_uart_v1.0/apuf_parallel_uart_v1.0.srcs/sources_1/bd/apuf_parallel_uart_design/ip/apuf_parallel_uart_design_uart_tx_0_0/synth/apuf_parallel_uart_design_uart_tx_0_0.v:58]
---------------------------------------------------------------------------------
Finished RTL Elaboration : Time (s): cpu = 00:00:04 ; elapsed = 00:00:04 . Memory (MB): peak = 526.535 ; gain = 148.930
---------------------------------------------------------------------------------

Report Check Netlist: 
+------+------------------+-------+---------+-------+------------------+
|      |Item              |Errors |Warnings |Status |Description       |
+------+------------------+-------+---------+-------+------------------+
|1     |multi_driven_nets |      0|        0|Passed |Multi driven nets |
+------+------------------+-------+---------+-------+------------------+
---------------------------------------------------------------------------------
Start Handling Custom Attributes
---------------------------------------------------------------------------------
---------------------------------------------------------------------------------
Finished Handling Custom Attributes : Time (s): cpu = 00:00:04 ; elapsed = 00:00:04 . Memory (MB): peak = 526.535 ; gain = 148.930
---------------------------------------------------------------------------------
---------------------------------------------------------------------------------
Finished RTL Optimization Phase 1 : Time (s): cpu = 00:00:04 ; elapsed = 00:00:04 . Memory (MB): peak = 526.535 ; gain = 148.930
---------------------------------------------------------------------------------
INFO: [Device 21-403] Loading part xc7z010clg400-1
INFO: [Project 1-570] Preparing netlist for logic optimization

Processing XDC Constraints
Initializing timing engine
Completed Processing XDC Constraints

INFO: [Project 1-111] Unisim Transformation Summary:
No Unisim elements were transformed.

WARNING: [Constraints 18-5210] No constraint will be written out.
Constraint Validation Runtime : Time (s): cpu = 00:00:00 ; elapsed = 00:00:00.082 . Memory (MB): peak = 835.453 ; gain = 2.465
---------------------------------------------------------------------------------
Finished Constraint Validation : Time (s): cpu = 00:00:14 ; elapsed = 00:00:17 . Memory (MB): peak = 835.453 ; gain = 457.848
---------------------------------------------------------------------------------
---------------------------------------------------------------------------------
Start Loading Part and Timing Information
---------------------------------------------------------------------------------
Loading part: xc7z010clg400-1
---------------------------------------------------------------------------------
Finished Loading Part and Timing Information : Time (s): cpu = 00:00:14 ; elapsed = 00:00:17 . Memory (MB): peak = 835.453 ; gain = 457.848
---------------------------------------------------------------------------------
---------------------------------------------------------------------------------
Start Applying 'set_property' XDC Constraints
---------------------------------------------------------------------------------
---------------------------------------------------------------------------------
Finished applying 'set_property' XDC Constraints : Time (s): cpu = 00:00:14 ; elapsed = 00:00:17 . Memory (MB): peak = 835.453 ; gain = 457.848
---------------------------------------------------------------------------------
INFO: [Synth 8-802] inferred FSM for state register 'tx_state_ff_reg' in module 'uart_tx'
---------------------------------------------------------------------------------------------------
                   State |                     New Encoding |                Previous Encoding 
---------------------------------------------------------------------------------------------------
                 TX_IDLE |                               00 |                               00
            TX_START_BIT |                               01 |                               01
            TX_DATA_BITS |                               10 |                               10
             TX_STOP_BIT |                               11 |                               11
---------------------------------------------------------------------------------------------------
INFO: [Synth 8-3354] encoded FSM with state register 'tx_state_ff_reg' using encoding 'sequential' in module 'uart_tx'
---------------------------------------------------------------------------------
Finished RTL Optimization Phase 2 : Time (s): cpu = 00:00:14 ; elapsed = 00:00:18 . Memory (MB): peak = 835.453 ; gain = 457.848
---------------------------------------------------------------------------------

Report RTL Partitions: 
+-+--------------+------------+----------+
| |RTL Partition |Replication |Instances |
+-+--------------+------------+----------+
+-+--------------+------------+----------+
---------------------------------------------------------------------------------
Start RTL Component Statistics 
---------------------------------------------------------------------------------
Detailed RTL Component Info : 
+---Adders : 
	   2 Input      9 Bit       Adders := 1     
	   2 Input      3 Bit       Adders := 1     
+---Registers : 
	                9 Bit    Registers := 1     
	                8 Bit    Registers := 1     
	                3 Bit    Registers := 1     
	                1 Bit    Registers := 3     
+---Muxes : 
	   2 Input      9 Bit        Muxes := 1     
	   4 Input      9 Bit        Muxes := 1     
	   2 Input      3 Bit        Muxes := 1     
	   4 Input      3 Bit        Muxes := 1     
	   4 Input      2 Bit        Muxes := 1     
	   2 Input      2 Bit        Muxes := 1     
	   4 Input      1 Bit        Muxes := 7     
---------------------------------------------------------------------------------
Finished RTL Component Statistics 
---------------------------------------------------------------------------------
---------------------------------------------------------------------------------
Start RTL Hierarchical Component Statistics 
---------------------------------------------------------------------------------
Hierarchical RTL Component report 
Module uart_tx 
Detailed RTL Component Info : 
+---Adders : 
	   2 Input      9 Bit       Adders := 1     
	   2 Input      3 Bit       Adders := 1     
+---Registers : 
	                9 Bit    Registers := 1     
	                8 Bit    Registers := 1     
	                3 Bit    Registers := 1     
	                1 Bit    Registers := 3     
+---Muxes : 
	   2 Input      9 Bit        Muxes := 1     
	   4 Input      9 Bit        Muxes := 1     
	   2 Input      3 Bit        Muxes := 1     
	   4 Input      3 Bit        Muxes := 1     
	   4 Input      2 Bit        Muxes := 1     
	   2 Input      2 Bit        Muxes := 1     
	   4 Input      1 Bit        Muxes := 7     
---------------------------------------------------------------------------------
Finished RTL Hierarchical Component Statistics
---------------------------------------------------------------------------------
---------------------------------------------------------------------------------
Start Part Resource Summary
---------------------------------------------------------------------------------
Part Resources:
DSPs: 80 (col length:40)
BRAMs: 120 (col length: RAMB18 40 RAMB36 20)
---------------------------------------------------------------------------------
Finished Part Resource Summary
---------------------------------------------------------------------------------
---------------------------------------------------------------------------------
Start Cross Boundary and Area Optimization
---------------------------------------------------------------------------------
Warning: Parallel synthesis criteria is not met 
---------------------------------------------------------------------------------
Finished Cross Boundary and Area Optimization : Time (s): cpu = 00:00:15 ; elapsed = 00:00:18 . Memory (MB): peak = 835.453 ; gain = 457.848
---------------------------------------------------------------------------------

Report RTL Partitions: 
+-+--------------+------------+----------+
| |RTL Partition |Replication |Instances |
+-+--------------+------------+----------+
+-+--------------+------------+----------+
---------------------------------------------------------------------------------
Start Applying XDC Timing Constraints
---------------------------------------------------------------------------------
---------------------------------------------------------------------------------
Finished Applying XDC Timing Constraints : Time (s): cpu = 00:00:24 ; elapsed = 00:00:29 . Memory (MB): peak = 852.055 ; gain = 474.449
---------------------------------------------------------------------------------
---------------------------------------------------------------------------------
Start Timing Optimization
---------------------------------------------------------------------------------
---------------------------------------------------------------------------------
Finished Timing Optimization : Time (s): cpu = 00:00:24 ; elapsed = 00:00:29 . Memory (MB): peak = 852.055 ; gain = 474.449
---------------------------------------------------------------------------------

Report RTL Partitions: 
+-+--------------+------------+----------+
| |RTL Partition |Replication |Instances |
+-+--------------+------------+----------+
+-+--------------+------------+----------+
---------------------------------------------------------------------------------
Start Technology Mapping
---------------------------------------------------------------------------------
---------------------------------------------------------------------------------
Finished Technology Mapping : Time (s): cpu = 00:00:24 ; elapsed = 00:00:29 . Memory (MB): peak = 862.098 ; gain = 484.492
---------------------------------------------------------------------------------

Report RTL Partitions: 
+-+--------------+------------+----------+
| |RTL Partition |Replication |Instances |
+-+--------------+------------+----------+
+-+--------------+------------+----------+
---------------------------------------------------------------------------------
Start IO Insertion
---------------------------------------------------------------------------------
---------------------------------------------------------------------------------
Start Flattening Before IO Insertion
---------------------------------------------------------------------------------
---------------------------------------------------------------------------------
Finished Flattening Before IO Insertion
---------------------------------------------------------------------------------
---------------------------------------------------------------------------------
Start Final Netlist Cleanup
---------------------------------------------------------------------------------
---------------------------------------------------------------------------------
Finished Final Netlist Cleanup
---------------------------------------------------------------------------------
---------------------------------------------------------------------------------
Finished IO Insertion : Time (s): cpu = 00:00:25 ; elapsed = 00:00:30 . Memory (MB): peak = 862.098 ; gain = 484.492
---------------------------------------------------------------------------------

Report Check Netlist: 
+------+------------------+-------+---------+-------+------------------+
|      |Item              |Errors |Warnings |Status |Description       |
+------+------------------+-------+---------+-------+------------------+
|1     |multi_driven_nets |      0|        0|Passed |Multi driven nets |
+------+------------------+-------+---------+-------+------------------+
---------------------------------------------------------------------------------
Start Renaming Generated Instances
---------------------------------------------------------------------------------
---------------------------------------------------------------------------------
Finished Renaming Generated Instances : Time (s): cpu = 00:00:25 ; elapsed = 00:00:30 . Memory (MB): peak = 862.098 ; gain = 484.492
---------------------------------------------------------------------------------

Report RTL Partitions: 
+-+--------------+------------+----------+
| |RTL Partition |Replication |Instances |
+-+--------------+------------+----------+
+-+--------------+------------+----------+
---------------------------------------------------------------------------------
Start Rebuilding User Hierarchy
---------------------------------------------------------------------------------
---------------------------------------------------------------------------------
Finished Rebuilding User Hierarchy : Time (s): cpu = 00:00:25 ; elapsed = 00:00:30 . Memory (MB): peak = 862.098 ; gain = 484.492
---------------------------------------------------------------------------------
---------------------------------------------------------------------------------
Start Renaming Generated Ports
---------------------------------------------------------------------------------
---------------------------------------------------------------------------------
Finished Renaming Generated Ports : Time (s): cpu = 00:00:25 ; elapsed = 00:00:30 . Memory (MB): peak = 862.098 ; gain = 484.492
---------------------------------------------------------------------------------
---------------------------------------------------------------------------------
Start Handling Custom Attributes
---------------------------------------------------------------------------------
---------------------------------------------------------------------------------
Finished Handling Custom Attributes : Time (s): cpu = 00:00:25 ; elapsed = 00:00:30 . Memory (MB): peak = 862.098 ; gain = 484.492
---------------------------------------------------------------------------------
---------------------------------------------------------------------------------
Start Renaming Generated Nets
---------------------------------------------------------------------------------
---------------------------------------------------------------------------------
Finished Renaming Generated Nets : Time (s): cpu = 00:00:25 ; elapsed = 00:00:30 . Memory (MB): peak = 862.098 ; gain = 484.492
---------------------------------------------------------------------------------
---------------------------------------------------------------------------------
Start Writing Synthesis Report
---------------------------------------------------------------------------------

Report BlackBoxes: 
+-+--------------+----------+
| |BlackBox name |Instances |
+-+--------------+----------+
+-+--------------+----------+

Report Cell Usage: 
+------+-----+------+
|      |Cell |Count |
+------+-----+------+
|1     |LUT1 |     1|
|2     |LUT2 |     1|
|3     |LUT3 |     4|
|4     |LUT4 |     6|
|5     |LUT5 |     7|
|6     |LUT6 |     9|
|7     |FDRE |    24|
|8     |FDSE |     1|
+------+-----+------+

Report Instance Areas: 
+------+--------------+------------------+------+
|      |Instance      |Module            |Cells |
+------+--------------+------------------+------+
|1     |top           |                  |    53|
|2     |  inst        |uart_tx_v_wrapper |    53|
|3     |    u_uart_tx |uart_tx           |    53|
+------+--------------+------------------+------+
---------------------------------------------------------------------------------
Finished Writing Synthesis Report : Time (s): cpu = 00:00:25 ; elapsed = 00:00:30 . Memory (MB): peak = 862.098 ; gain = 484.492
---------------------------------------------------------------------------------
Synthesis finished with 0 errors, 0 critical warnings and 0 warnings.
Synthesis Optimization Runtime : Time (s): cpu = 00:00:14 ; elapsed = 00:00:20 . Memory (MB): peak = 862.098 ; gain = 175.574
Synthesis Optimization Complete : Time (s): cpu = 00:00:25 ; elapsed = 00:00:30 . Memory (MB): peak = 862.098 ; gain = 484.492
INFO: [Project 1-571] Translating synthesized netlist
INFO: [Project 1-570] Preparing netlist for logic optimization
INFO: [Opt 31-138] Pushed 0 inverter(s) to 0 load pin(s).
INFO: [Project 1-111] Unisim Transformation Summary:
No Unisim elements were transformed.

INFO: [Common 17-83] Releasing license: Synthesis
21 Infos, 1 Warnings, 0 Critical Warnings and 0 Errors encountered.
synth_design completed successfully
synth_design: Time (s): cpu = 00:00:27 ; elapsed = 00:00:33 . Memory (MB): peak = 872.699 ; gain = 506.574
WARNING: [Constraints 18-5210] No constraint will be written out.
INFO: [Common 17-1381] The checkpoint 'D:/WorkSpace/HDL/yadro_practice/project/apuf_parallel_uart_v1.0/apuf_parallel_uart_v1.0.runs/apuf_parallel_uart_design_uart_tx_0_0_synth_1/apuf_parallel_uart_design_uart_tx_0_0.dcp' has been generated.
INFO: [Coretcl 2-1482] Added synthesis output to IP cache for IP d:/WorkSpace/HDL/yadro_practice/project/apuf_parallel_uart_v1.0/apuf_parallel_uart_v1.0.srcs/sources_1/bd/apuf_parallel_uart_design/ip/apuf_parallel_uart_design_uart_tx_0_0/apuf_parallel_uart_design_uart_tx_0_0.xci
INFO: [Coretcl 2-1174] Renamed 2 cell refs.
WARNING: [Constraints 18-5210] No constraint will be written out.
INFO: [Common 17-1381] The checkpoint 'D:/WorkSpace/HDL/yadro_practice/project/apuf_parallel_uart_v1.0/apuf_parallel_uart_v1.0.runs/apuf_parallel_uart_design_uart_tx_0_0_synth_1/apuf_parallel_uart_design_uart_tx_0_0.dcp' has been generated.
INFO: [runtcl-4] Executing : report_utilization -file apuf_parallel_uart_design_uart_tx_0_0_utilization_synth.rpt -pb apuf_parallel_uart_design_uart_tx_0_0_utilization_synth.pb
report_utilization: Time (s): cpu = 00:00:00 ; elapsed = 00:00:00.019 . Memory (MB): peak = 872.699 ; gain = 0.000
INFO: [Common 17-206] Exiting Vivado at Mon Jun 15 14:40:26 2026...
