Copyright 1986-2018 Xilinx, Inc. All Rights Reserved.
------------------------------------------------------------------------------------------------------------------------------------------------------------------
| Tool Version : Vivado v.2018.2 (win64) Build 2258646 Thu Jun 14 20:03:12 MDT 2018
| Date         : Fri Jun 12 13:14:34 2026
| Host         : Shef running 64-bit major release  (build 9200)
| Command      : report_drc -file apuf_uart_design_wrapper_drc_routed.rpt -pb apuf_uart_design_wrapper_drc_routed.pb -rpx apuf_uart_design_wrapper_drc_routed.rpx
| Design       : apuf_uart_design_wrapper
| Device       : xc7z010clg400-1
| Speed File   : -1
| Design State : Routed
------------------------------------------------------------------------------------------------------------------------------------------------------------------

Report DRC

Table of Contents
-----------------
1. REPORT SUMMARY
2. REPORT DETAILS

1. REPORT SUMMARY
-----------------
            Netlist: netlist
          Floorplan: design_1
      Design limits: <entire design considered>
           Ruledeck: default
             Max violations: <unlimited>
             Violations found: 2
+-------------+----------+-------------------------------------------------------------+------------+
| Rule        | Severity | Description                                                 | Violations |
+-------------+----------+-------------------------------------------------------------+------------+
| PDRC-153    | Warning  | Gated clock check                                           | 1          |
| PLHOLDVIO-2 | Warning  | Non-Optimal connections which could lead to hold violations | 1          |
+-------------+----------+-------------------------------------------------------------+------------+

2. REPORT DETAILS
-----------------
PDRC-153#1 Warning
Gated clock check  
Net apuf_uart_design_i/apuf_0/inst/u_apuf/apuf_path_inst_0/genblk1[127].mux2x1_i_1_inst/q is a gated clock net sourced by a combinational pin apuf_uart_design_i/apuf_0/inst/u_apuf/apuf_path_inst_0/genblk1[127].mux2x1_i_1_inst/q_INST_0/O, cell apuf_uart_design_i/apuf_0/inst/u_apuf/apuf_path_inst_0/genblk1[127].mux2x1_i_1_inst/q_INST_0. This is not good design practice and will likely impact performance. For SLICE registers, for example, use the CE pin to control the loading of data.
Related violations: <none>

PLHOLDVIO-2#1 Warning
Non-Optimal connections which could lead to hold violations  
A LUT apuf_uart_design_i/apuf_0/inst/u_apuf/apuf_path_inst_0/genblk1[127].mux2x1_i_1_inst/q_INST_0 is driving clock pin of 1 cells. This could lead to large hold time violations. First few involved cells are:
    apuf_uart_design_i/apuf_0/inst/u_apuf/apuf_path_inst_0/d_ff_inst_0/q_ff_reg {FDRE}

Related violations: <none>


