Copyright 1986-2018 Xilinx, Inc. All Rights Reserved.
----------------------------------------------------------------------------------------------------------------------------------------------------------------------------------------------
| Tool Version     : Vivado v.2018.2 (win64) Build 2258646 Thu Jun 14 20:03:12 MDT 2018
| Date             : Fri Jun 12 13:14:36 2026
| Host             : Shef running 64-bit major release  (build 9200)
| Command          : report_power -file apuf_uart_design_wrapper_power_routed.rpt -pb apuf_uart_design_wrapper_power_summary_routed.pb -rpx apuf_uart_design_wrapper_power_routed.rpx
| Design           : apuf_uart_design_wrapper
| Device           : xc7z010clg400-1
| Design State     : routed
| Grade            : commercial
| Process          : typical
| Characterization : Production
----------------------------------------------------------------------------------------------------------------------------------------------------------------------------------------------

Power Report

Table of Contents
-----------------
1. Summary
1.1 On-Chip Components
1.2 Power Supply Summary
1.3 Confidence Level
2. Settings
2.1 Environment
2.2 Clock Constraints
3. Detailed Reports
3.1 By Hierarchy

1. Summary
----------

+--------------------------+--------------+
| Total On-Chip Power (W)  | 1.542        |
| Design Power Budget (W)  | Unspecified* |
| Power Budget Margin (W)  | NA           |
| Dynamic (W)              | 1.422        |
| Device Static (W)        | 0.121        |
| Effective TJA (C/W)      | 11.5         |
| Max Ambient (C)          | 67.2         |
| Junction Temperature (C) | 42.8         |
| Confidence Level         | Low          |
| Setting File             | ---          |
| Simulation Activity File | ---          |
| Design Nets Matched      | NA           |
+--------------------------+--------------+
* Specify Design Power Budget using, set_operating_conditions -design_power_budget <value in Watts>


1.1 On-Chip Components
----------------------

+-------------------------+-----------+----------+-----------+-----------------+
| On-Chip                 | Power (W) | Used     | Available | Utilization (%) |
+-------------------------+-----------+----------+-----------+-----------------+
| Clocks                  |     0.014 |        3 |       --- |             --- |
| Slice Logic             |     0.005 |     2371 |       --- |             --- |
|   LUT as Logic          |     0.005 |     1113 |     17600 |            6.32 |
|   Register              |    <0.001 |      781 |     35200 |            2.22 |
|   CARRY4                |    <0.001 |       19 |      4400 |            0.43 |
|   LUT as Shift Register |    <0.001 |       47 |      6000 |            0.78 |
|   Others                |     0.000 |      210 |       --- |             --- |
| Signals                 |     0.003 |     1480 |       --- |             --- |
| I/O                     |    <0.001 |        4 |       100 |            4.00 |
| PS7                     |     1.399 |        1 |       --- |             --- |
| Static Power            |     0.121 |          |           |                 |
| Total                   |     1.542 |          |           |                 |
+-------------------------+-----------+----------+-----------+-----------------+


1.2 Power Supply Summary
------------------------

+-----------+-------------+-----------+-------------+------------+
| Source    | Voltage (V) | Total (A) | Dynamic (A) | Static (A) |
+-----------+-------------+-----------+-------------+------------+
| Vccint    |       1.000 |     0.028 |       0.022 |      0.007 |
| Vccaux    |       1.800 |     0.008 |       0.000 |      0.008 |
| Vcco33    |       3.300 |     0.001 |       0.000 |      0.001 |
| Vcco25    |       2.500 |     0.000 |       0.000 |      0.000 |
| Vcco18    |       1.800 |     0.000 |       0.000 |      0.000 |
| Vcco15    |       1.500 |     0.000 |       0.000 |      0.000 |
| Vcco135   |       1.350 |     0.000 |       0.000 |      0.000 |
| Vcco12    |       1.200 |     0.000 |       0.000 |      0.000 |
| Vccaux_io |       1.800 |     0.000 |       0.000 |      0.000 |
| Vccbram   |       1.000 |     0.000 |       0.000 |      0.000 |
| MGTAVcc   |       1.000 |     0.000 |       0.000 |      0.000 |
| MGTAVtt   |       1.200 |     0.000 |       0.000 |      0.000 |
| MGTVccaux |       1.800 |     0.000 |       0.000 |      0.000 |
| Vccpint   |       1.000 |     0.746 |       0.717 |      0.028 |
| Vccpaux   |       1.800 |     0.061 |       0.051 |      0.010 |
| Vccpll    |       1.800 |     0.017 |       0.014 |      0.003 |
| Vcco_ddr  |       1.350 |     0.413 |       0.411 |      0.002 |
| Vcco_mio0 |       3.300 |     0.003 |       0.002 |      0.001 |
| Vcco_mio1 |       1.800 |     0.003 |       0.002 |      0.001 |
| Vccadc    |       1.800 |     0.020 |       0.000 |      0.020 |
+-----------+-------------+-----------+-------------+------------+


1.3 Confidence Level
--------------------

+-----------------------------+------------+--------------------------------------------------------+------------------------------------------------------------------------------------------------------------+
| User Input Data             | Confidence | Details                                                | Action                                                                                                     |
+-----------------------------+------------+--------------------------------------------------------+------------------------------------------------------------------------------------------------------------+
| Design implementation state | High       | Design is routed                                       |                                                                                                            |
| Clock nodes activity        | High       | User specified more than 95% of clocks                 |                                                                                                            |
| I/O nodes activity          | Low        | More than 75% of inputs are missing user specification | Provide missing input activity with simulation results or by editing the "By Resource Type -> I/Os" view   |
| Internal nodes activity     | Medium     | User specified less than 25% of internal nodes         | Provide missing internal nodes activity with simulation results or by editing the "By Resource Type" views |
| Device models               | High       | Device models are Production                           |                                                                                                            |
|                             |            |                                                        |                                                                                                            |
| Overall confidence level    | Low        |                                                        |                                                                                                            |
+-----------------------------+------------+--------------------------------------------------------+------------------------------------------------------------------------------------------------------------+


2. Settings
-----------

2.1 Environment
---------------

+-----------------------+------------------------+
| Ambient Temp (C)      | 25.0                   |
| ThetaJA (C/W)         | 11.5                   |
| Airflow (LFM)         | 250                    |
| Heat Sink             | none                   |
| ThetaSA (C/W)         | 0.0                    |
| Board Selection       | medium (10"x10")       |
| # of Board Layers     | 8to11 (8 to 11 Layers) |
| Board Temperature (C) | 25.0                   |
+-----------------------+------------------------+


2.2 Clock Constraints
---------------------

+------------+---------------------------------------------------------------------+-----------------+
| Clock      | Domain                                                              | Constraint (ns) |
+------------+---------------------------------------------------------------------+-----------------+
| clk_fpga_0 | apuf_uart_design_i/processing_system7_0/inst/FCLK_CLK_unbuffered[0] |            20.0 |
+------------+---------------------------------------------------------------------+-----------------+


3. Detailed Reports
-------------------

3.1 By Hierarchy
----------------

+-----------------------------------------------------------------------------+-----------+
| Name                                                                        | Power (W) |
+-----------------------------------------------------------------------------+-----------+
| apuf_uart_design_wrapper                                                    |     1.422 |
|   apuf_uart_design_i                                                        |     1.421 |
|     apuf_0                                                                  |     0.019 |
|       inst                                                                  |     0.019 |
|         u_apuf                                                              |     0.019 |
|           apuf_path_inst_0                                                  |     0.015 |
|             d_ff_inst_0                                                     |    <0.001 |
|             d_ff_inst_1                                                     |    <0.001 |
|             genblk1[0].mux2x1_i_0_inst                                      |    <0.001 |
|             genblk1[0].mux2x1_i_1_inst                                      |    <0.001 |
|             genblk1[100].mux2x1_i_0_inst                                    |    <0.001 |
|             genblk1[100].mux2x1_i_1_inst                                    |    <0.001 |
|             genblk1[101].mux2x1_i_0_inst                                    |    <0.001 |
|             genblk1[101].mux2x1_i_1_inst                                    |    <0.001 |
|             genblk1[102].mux2x1_i_0_inst                                    |    <0.001 |
|             genblk1[102].mux2x1_i_1_inst                                    |    <0.001 |
|             genblk1[103].mux2x1_i_0_inst                                    |    <0.001 |
|             genblk1[103].mux2x1_i_1_inst                                    |    <0.001 |
|             genblk1[104].mux2x1_i_0_inst                                    |    <0.001 |
|             genblk1[104].mux2x1_i_1_inst                                    |    <0.001 |
|             genblk1[105].mux2x1_i_0_inst                                    |    <0.001 |
|             genblk1[105].mux2x1_i_1_inst                                    |    <0.001 |
|             genblk1[106].mux2x1_i_0_inst                                    |    <0.001 |
|             genblk1[106].mux2x1_i_1_inst                                    |    <0.001 |
|             genblk1[107].mux2x1_i_0_inst                                    |    <0.001 |
|             genblk1[107].mux2x1_i_1_inst                                    |    <0.001 |
|             genblk1[108].mux2x1_i_0_inst                                    |    <0.001 |
|             genblk1[108].mux2x1_i_1_inst                                    |    <0.001 |
|             genblk1[109].mux2x1_i_0_inst                                    |    <0.001 |
|             genblk1[109].mux2x1_i_1_inst                                    |    <0.001 |
|             genblk1[10].mux2x1_i_0_inst                                     |    <0.001 |
|             genblk1[10].mux2x1_i_1_inst                                     |    <0.001 |
|             genblk1[110].mux2x1_i_0_inst                                    |    <0.001 |
|             genblk1[110].mux2x1_i_1_inst                                    |    <0.001 |
|             genblk1[111].mux2x1_i_0_inst                                    |    <0.001 |
|             genblk1[111].mux2x1_i_1_inst                                    |    <0.001 |
|             genblk1[112].mux2x1_i_0_inst                                    |    <0.001 |
|             genblk1[112].mux2x1_i_1_inst                                    |    <0.001 |
|             genblk1[113].mux2x1_i_0_inst                                    |    <0.001 |
|             genblk1[113].mux2x1_i_1_inst                                    |    <0.001 |
|             genblk1[114].mux2x1_i_0_inst                                    |    <0.001 |
|             genblk1[114].mux2x1_i_1_inst                                    |    <0.001 |
|             genblk1[115].mux2x1_i_0_inst                                    |    <0.001 |
|             genblk1[115].mux2x1_i_1_inst                                    |    <0.001 |
|             genblk1[116].mux2x1_i_0_inst                                    |    <0.001 |
|             genblk1[116].mux2x1_i_1_inst                                    |    <0.001 |
|             genblk1[117].mux2x1_i_0_inst                                    |    <0.001 |
|             genblk1[117].mux2x1_i_1_inst                                    |    <0.001 |
|             genblk1[118].mux2x1_i_0_inst                                    |    <0.001 |
|             genblk1[118].mux2x1_i_1_inst                                    |    <0.001 |
|             genblk1[119].mux2x1_i_0_inst                                    |    <0.001 |
|             genblk1[119].mux2x1_i_1_inst                                    |    <0.001 |
|             genblk1[11].mux2x1_i_0_inst                                     |    <0.001 |
|             genblk1[11].mux2x1_i_1_inst                                     |    <0.001 |
|             genblk1[120].mux2x1_i_0_inst                                    |    <0.001 |
|             genblk1[120].mux2x1_i_1_inst                                    |    <0.001 |
|             genblk1[121].mux2x1_i_0_inst                                    |    <0.001 |
|             genblk1[121].mux2x1_i_1_inst                                    |    <0.001 |
|             genblk1[122].mux2x1_i_0_inst                                    |    <0.001 |
|             genblk1[122].mux2x1_i_1_inst                                    |    <0.001 |
|             genblk1[123].mux2x1_i_0_inst                                    |    <0.001 |
|             genblk1[123].mux2x1_i_1_inst                                    |    <0.001 |
|             genblk1[124].mux2x1_i_0_inst                                    |    <0.001 |
|             genblk1[124].mux2x1_i_1_inst                                    |    <0.001 |
|             genblk1[125].mux2x1_i_0_inst                                    |    <0.001 |
|             genblk1[125].mux2x1_i_1_inst                                    |    <0.001 |
|             genblk1[126].mux2x1_i_0_inst                                    |    <0.001 |
|             genblk1[126].mux2x1_i_1_inst                                    |    <0.001 |
|             genblk1[127].mux2x1_i_0_inst                                    |    <0.001 |
|             genblk1[127].mux2x1_i_1_inst                                    |    <0.001 |
|             genblk1[12].mux2x1_i_0_inst                                     |    <0.001 |
|             genblk1[12].mux2x1_i_1_inst                                     |    <0.001 |
|             genblk1[13].mux2x1_i_0_inst                                     |    <0.001 |
|             genblk1[13].mux2x1_i_1_inst                                     |    <0.001 |
|             genblk1[14].mux2x1_i_0_inst                                     |    <0.001 |
|             genblk1[14].mux2x1_i_1_inst                                     |    <0.001 |
|             genblk1[15].mux2x1_i_0_inst                                     |    <0.001 |
|             genblk1[15].mux2x1_i_1_inst                                     |    <0.001 |
|             genblk1[16].mux2x1_i_0_inst                                     |    <0.001 |
|             genblk1[16].mux2x1_i_1_inst                                     |    <0.001 |
|             genblk1[17].mux2x1_i_0_inst                                     |    <0.001 |
|             genblk1[17].mux2x1_i_1_inst                                     |    <0.001 |
|             genblk1[18].mux2x1_i_0_inst                                     |    <0.001 |
|             genblk1[18].mux2x1_i_1_inst                                     |    <0.001 |
|             genblk1[19].mux2x1_i_0_inst                                     |    <0.001 |
|             genblk1[19].mux2x1_i_1_inst                                     |    <0.001 |
|             genblk1[1].mux2x1_i_0_inst                                      |    <0.001 |
|             genblk1[1].mux2x1_i_1_inst                                      |    <0.001 |
|             genblk1[20].mux2x1_i_0_inst                                     |    <0.001 |
|             genblk1[20].mux2x1_i_1_inst                                     |    <0.001 |
|             genblk1[21].mux2x1_i_0_inst                                     |    <0.001 |
|             genblk1[21].mux2x1_i_1_inst                                     |    <0.001 |
|             genblk1[22].mux2x1_i_0_inst                                     |    <0.001 |
|             genblk1[22].mux2x1_i_1_inst                                     |    <0.001 |
|             genblk1[23].mux2x1_i_0_inst                                     |    <0.001 |
|             genblk1[23].mux2x1_i_1_inst                                     |    <0.001 |
|             genblk1[24].mux2x1_i_0_inst                                     |    <0.001 |
|             genblk1[24].mux2x1_i_1_inst                                     |    <0.001 |
|             genblk1[25].mux2x1_i_0_inst                                     |    <0.001 |
|             genblk1[25].mux2x1_i_1_inst                                     |    <0.001 |
|             genblk1[26].mux2x1_i_0_inst                                     |    <0.001 |
|             genblk1[26].mux2x1_i_1_inst                                     |    <0.001 |
|             genblk1[27].mux2x1_i_0_inst                                     |    <0.001 |
|             genblk1[27].mux2x1_i_1_inst                                     |    <0.001 |
|             genblk1[28].mux2x1_i_0_inst                                     |    <0.001 |
|             genblk1[28].mux2x1_i_1_inst                                     |    <0.001 |
|             genblk1[29].mux2x1_i_0_inst                                     |    <0.001 |
|             genblk1[29].mux2x1_i_1_inst                                     |    <0.001 |
|             genblk1[2].mux2x1_i_0_inst                                      |    <0.001 |
|             genblk1[2].mux2x1_i_1_inst                                      |    <0.001 |
|             genblk1[30].mux2x1_i_0_inst                                     |    <0.001 |
|             genblk1[30].mux2x1_i_1_inst                                     |    <0.001 |
|             genblk1[31].mux2x1_i_0_inst                                     |    <0.001 |
|             genblk1[31].mux2x1_i_1_inst                                     |    <0.001 |
|             genblk1[32].mux2x1_i_0_inst                                     |    <0.001 |
|             genblk1[32].mux2x1_i_1_inst                                     |    <0.001 |
|             genblk1[33].mux2x1_i_0_inst                                     |    <0.001 |
|             genblk1[33].mux2x1_i_1_inst                                     |    <0.001 |
|             genblk1[34].mux2x1_i_0_inst                                     |    <0.001 |
|             genblk1[34].mux2x1_i_1_inst                                     |    <0.001 |
|             genblk1[35].mux2x1_i_0_inst                                     |    <0.001 |
|             genblk1[35].mux2x1_i_1_inst                                     |    <0.001 |
|             genblk1[36].mux2x1_i_0_inst                                     |    <0.001 |
|             genblk1[36].mux2x1_i_1_inst                                     |    <0.001 |
|             genblk1[37].mux2x1_i_0_inst                                     |    <0.001 |
|             genblk1[37].mux2x1_i_1_inst                                     |    <0.001 |
|             genblk1[38].mux2x1_i_0_inst                                     |    <0.001 |
|             genblk1[38].mux2x1_i_1_inst                                     |    <0.001 |
|             genblk1[39].mux2x1_i_0_inst                                     |    <0.001 |
|             genblk1[39].mux2x1_i_1_inst                                     |    <0.001 |
|             genblk1[3].mux2x1_i_0_inst                                      |    <0.001 |
|             genblk1[3].mux2x1_i_1_inst                                      |    <0.001 |
|             genblk1[40].mux2x1_i_0_inst                                     |    <0.001 |
|             genblk1[40].mux2x1_i_1_inst                                     |    <0.001 |
|             genblk1[41].mux2x1_i_0_inst                                     |    <0.001 |
|             genblk1[41].mux2x1_i_1_inst                                     |    <0.001 |
|             genblk1[42].mux2x1_i_0_inst                                     |    <0.001 |
|             genblk1[42].mux2x1_i_1_inst                                     |    <0.001 |
|             genblk1[43].mux2x1_i_0_inst                                     |    <0.001 |
|             genblk1[43].mux2x1_i_1_inst                                     |    <0.001 |
|             genblk1[44].mux2x1_i_0_inst                                     |    <0.001 |
|             genblk1[44].mux2x1_i_1_inst                                     |    <0.001 |
|             genblk1[45].mux2x1_i_0_inst                                     |    <0.001 |
|             genblk1[45].mux2x1_i_1_inst                                     |    <0.001 |
|             genblk1[46].mux2x1_i_0_inst                                     |    <0.001 |
|             genblk1[46].mux2x1_i_1_inst                                     |    <0.001 |
|             genblk1[47].mux2x1_i_0_inst                                     |    <0.001 |
|             genblk1[47].mux2x1_i_1_inst                                     |    <0.001 |
|             genblk1[48].mux2x1_i_0_inst                                     |    <0.001 |
|             genblk1[48].mux2x1_i_1_inst                                     |    <0.001 |
|             genblk1[49].mux2x1_i_0_inst                                     |    <0.001 |
|             genblk1[49].mux2x1_i_1_inst                                     |    <0.001 |
|             genblk1[4].mux2x1_i_0_inst                                      |    <0.001 |
|             genblk1[4].mux2x1_i_1_inst                                      |    <0.001 |
|             genblk1[50].mux2x1_i_0_inst                                     |    <0.001 |
|             genblk1[50].mux2x1_i_1_inst                                     |    <0.001 |
|             genblk1[51].mux2x1_i_0_inst                                     |    <0.001 |
|             genblk1[51].mux2x1_i_1_inst                                     |    <0.001 |
|             genblk1[52].mux2x1_i_0_inst                                     |    <0.001 |
|             genblk1[52].mux2x1_i_1_inst                                     |    <0.001 |
|             genblk1[53].mux2x1_i_0_inst                                     |    <0.001 |
|             genblk1[53].mux2x1_i_1_inst                                     |    <0.001 |
|             genblk1[54].mux2x1_i_0_inst                                     |    <0.001 |
|             genblk1[54].mux2x1_i_1_inst                                     |    <0.001 |
|             genblk1[55].mux2x1_i_0_inst                                     |    <0.001 |
|             genblk1[55].mux2x1_i_1_inst                                     |    <0.001 |
|             genblk1[56].mux2x1_i_0_inst                                     |    <0.001 |
|             genblk1[56].mux2x1_i_1_inst                                     |    <0.001 |
|             genblk1[57].mux2x1_i_0_inst                                     |    <0.001 |
|             genblk1[57].mux2x1_i_1_inst                                     |    <0.001 |
|             genblk1[58].mux2x1_i_0_inst                                     |    <0.001 |
|             genblk1[58].mux2x1_i_1_inst                                     |    <0.001 |
|             genblk1[59].mux2x1_i_0_inst                                     |    <0.001 |
|             genblk1[59].mux2x1_i_1_inst                                     |    <0.001 |
|             genblk1[5].mux2x1_i_0_inst                                      |    <0.001 |
|             genblk1[5].mux2x1_i_1_inst                                      |    <0.001 |
|             genblk1[60].mux2x1_i_0_inst                                     |    <0.001 |
|             genblk1[60].mux2x1_i_1_inst                                     |    <0.001 |
|             genblk1[61].mux2x1_i_0_inst                                     |    <0.001 |
|             genblk1[61].mux2x1_i_1_inst                                     |    <0.001 |
|             genblk1[62].mux2x1_i_0_inst                                     |    <0.001 |
|             genblk1[62].mux2x1_i_1_inst                                     |    <0.001 |
|             genblk1[63].mux2x1_i_0_inst                                     |    <0.001 |
|             genblk1[63].mux2x1_i_1_inst                                     |    <0.001 |
|             genblk1[64].mux2x1_i_0_inst                                     |    <0.001 |
|             genblk1[64].mux2x1_i_1_inst                                     |    <0.001 |
|             genblk1[65].mux2x1_i_0_inst                                     |    <0.001 |
|             genblk1[65].mux2x1_i_1_inst                                     |    <0.001 |
|             genblk1[66].mux2x1_i_0_inst                                     |    <0.001 |
|             genblk1[66].mux2x1_i_1_inst                                     |    <0.001 |
|             genblk1[67].mux2x1_i_0_inst                                     |    <0.001 |
|             genblk1[67].mux2x1_i_1_inst                                     |    <0.001 |
|             genblk1[68].mux2x1_i_0_inst                                     |    <0.001 |
|             genblk1[68].mux2x1_i_1_inst                                     |    <0.001 |
|             genblk1[69].mux2x1_i_0_inst                                     |    <0.001 |
|             genblk1[69].mux2x1_i_1_inst                                     |    <0.001 |
|             genblk1[6].mux2x1_i_0_inst                                      |    <0.001 |
|             genblk1[6].mux2x1_i_1_inst                                      |    <0.001 |
|             genblk1[70].mux2x1_i_0_inst                                     |    <0.001 |
|             genblk1[70].mux2x1_i_1_inst                                     |    <0.001 |
|             genblk1[71].mux2x1_i_0_inst                                     |    <0.001 |
|             genblk1[71].mux2x1_i_1_inst                                     |    <0.001 |
|             genblk1[72].mux2x1_i_0_inst                                     |    <0.001 |
|             genblk1[72].mux2x1_i_1_inst                                     |    <0.001 |
|             genblk1[73].mux2x1_i_0_inst                                     |    <0.001 |
|             genblk1[73].mux2x1_i_1_inst                                     |    <0.001 |
|             genblk1[74].mux2x1_i_0_inst                                     |    <0.001 |
|             genblk1[74].mux2x1_i_1_inst                                     |    <0.001 |
|             genblk1[75].mux2x1_i_0_inst                                     |    <0.001 |
|             genblk1[75].mux2x1_i_1_inst                                     |    <0.001 |
|             genblk1[76].mux2x1_i_0_inst                                     |    <0.001 |
|             genblk1[76].mux2x1_i_1_inst                                     |    <0.001 |
|             genblk1[77].mux2x1_i_0_inst                                     |    <0.001 |
|             genblk1[77].mux2x1_i_1_inst                                     |    <0.001 |
|             genblk1[78].mux2x1_i_0_inst                                     |    <0.001 |
|             genblk1[78].mux2x1_i_1_inst                                     |    <0.001 |
|             genblk1[79].mux2x1_i_0_inst                                     |    <0.001 |
|             genblk1[79].mux2x1_i_1_inst                                     |    <0.001 |
|             genblk1[7].mux2x1_i_0_inst                                      |    <0.001 |
|             genblk1[7].mux2x1_i_1_inst                                      |    <0.001 |
|             genblk1[80].mux2x1_i_0_inst                                     |    <0.001 |
|             genblk1[80].mux2x1_i_1_inst                                     |    <0.001 |
|             genblk1[81].mux2x1_i_0_inst                                     |    <0.001 |
|             genblk1[81].mux2x1_i_1_inst                                     |    <0.001 |
|             genblk1[82].mux2x1_i_0_inst                                     |    <0.001 |
|             genblk1[82].mux2x1_i_1_inst                                     |    <0.001 |
|             genblk1[83].mux2x1_i_0_inst                                     |    <0.001 |
|             genblk1[83].mux2x1_i_1_inst                                     |    <0.001 |
|             genblk1[84].mux2x1_i_0_inst                                     |    <0.001 |
|             genblk1[84].mux2x1_i_1_inst                                     |    <0.001 |
|             genblk1[85].mux2x1_i_0_inst                                     |    <0.001 |
|             genblk1[85].mux2x1_i_1_inst                                     |    <0.001 |
|             genblk1[86].mux2x1_i_0_inst                                     |    <0.001 |
|             genblk1[86].mux2x1_i_1_inst                                     |    <0.001 |
|             genblk1[87].mux2x1_i_0_inst                                     |    <0.001 |
|             genblk1[87].mux2x1_i_1_inst                                     |    <0.001 |
|             genblk1[88].mux2x1_i_0_inst                                     |    <0.001 |
|             genblk1[88].mux2x1_i_1_inst                                     |    <0.001 |
|             genblk1[89].mux2x1_i_0_inst                                     |    <0.001 |
|             genblk1[89].mux2x1_i_1_inst                                     |    <0.001 |
|             genblk1[8].mux2x1_i_0_inst                                      |    <0.001 |
|             genblk1[8].mux2x1_i_1_inst                                      |    <0.001 |
|             genblk1[90].mux2x1_i_0_inst                                     |    <0.001 |
|             genblk1[90].mux2x1_i_1_inst                                     |    <0.001 |
|             genblk1[91].mux2x1_i_0_inst                                     |    <0.001 |
|             genblk1[91].mux2x1_i_1_inst                                     |    <0.001 |
|             genblk1[92].mux2x1_i_0_inst                                     |    <0.001 |
|             genblk1[92].mux2x1_i_1_inst                                     |    <0.001 |
|             genblk1[93].mux2x1_i_0_inst                                     |    <0.001 |
|             genblk1[93].mux2x1_i_1_inst                                     |    <0.001 |
|             genblk1[94].mux2x1_i_0_inst                                     |    <0.001 |
|             genblk1[94].mux2x1_i_1_inst                                     |    <0.001 |
|             genblk1[95].mux2x1_i_0_inst                                     |    <0.001 |
|             genblk1[95].mux2x1_i_1_inst                                     |    <0.001 |
|             genblk1[96].mux2x1_i_0_inst                                     |    <0.001 |
|             genblk1[96].mux2x1_i_1_inst                                     |    <0.001 |
|             genblk1[97].mux2x1_i_0_inst                                     |    <0.001 |
|             genblk1[97].mux2x1_i_1_inst                                     |    <0.001 |
|             genblk1[98].mux2x1_i_0_inst                                     |    <0.001 |
|             genblk1[98].mux2x1_i_1_inst                                     |    <0.001 |
|             genblk1[99].mux2x1_i_0_inst                                     |    <0.001 |
|             genblk1[99].mux2x1_i_1_inst                                     |    <0.001 |
|             genblk1[9].mux2x1_i_0_inst                                      |    <0.001 |
|             genblk1[9].mux2x1_i_1_inst                                      |    <0.001 |
|           lfsr_inst_0                                                       |     0.003 |
|           sipo_inst_0                                                       |    <0.001 |
|     axi_uartlite_0                                                          |    <0.001 |
|       U0                                                                    |    <0.001 |
|         AXI_LITE_IPIF_I                                                     |    <0.001 |
|           I_SLAVE_ATTACHMENT                                                |    <0.001 |
|             I_DECODER                                                       |    <0.001 |
|               MEM_DECODE_GEN[0].PER_CE_GEN[0].MULTIPLE_CES_THIS_CS_GEN.CE_I |    <0.001 |
|               MEM_DECODE_GEN[0].PER_CE_GEN[2].MULTIPLE_CES_THIS_CS_GEN.CE_I |    <0.001 |
|         UARTLITE_CORE_I                                                     |    <0.001 |
|           BAUD_RATE_I                                                       |    <0.001 |
|           UARTLITE_RX_I                                                     |    <0.001 |
|             INPUT_DOUBLE_REGS3                                              |    <0.001 |
|             SRL_FIFO_I                                                      |    <0.001 |
|               I_SRL_FIFO_RBU_F                                              |    <0.001 |
|                 CNTR_INCR_DECR_ADDN_F_I                                     |    <0.001 |
|                 DYNSHREG_F_I                                                |    <0.001 |
|           UARTLITE_TX_I                                                     |    <0.001 |
|             SRL_FIFO_I                                                      |    <0.001 |
|               I_SRL_FIFO_RBU_F                                              |    <0.001 |
|                 CNTR_INCR_DECR_ADDN_F_I                                     |    <0.001 |
|                 DYNSHREG_F_I                                                |    <0.001 |
|     processing_system7_0                                                    |     1.399 |
|       inst                                                                  |     1.399 |
|     ps7_0_axi_periph                                                        |     0.002 |
|       s00_couplers                                                          |     0.002 |
|         auto_pc                                                             |     0.002 |
|           inst                                                              |     0.002 |
|             gen_axilite.gen_b2s_conv.axilite_b2s                            |     0.002 |
|               RD.ar_channel_0                                               |    <0.001 |
|                 ar_cmd_fsm_0                                                |    <0.001 |
|                 cmd_translator_0                                            |    <0.001 |
|                   incr_cmd_0                                                |    <0.001 |
|                   wrap_cmd_0                                                |    <0.001 |
|               RD.r_channel_0                                                |    <0.001 |
|                 rd_data_fifo_0                                              |    <0.001 |
|                 transaction_fifo_0                                          |    <0.001 |
|               SI_REG                                                        |    <0.001 |
|                 ar.ar_pipe                                                  |    <0.001 |
|                 aw.aw_pipe                                                  |    <0.001 |
|                 b.b_pipe                                                    |    <0.001 |
|                 r.r_pipe                                                    |    <0.001 |
|               WR.aw_channel_0                                               |    <0.001 |
|                 aw_cmd_fsm_0                                                |    <0.001 |
|                 cmd_translator_0                                            |    <0.001 |
|                   incr_cmd_0                                                |    <0.001 |
|                   wrap_cmd_0                                                |    <0.001 |
|               WR.b_channel_0                                                |    <0.001 |
|                 bid_fifo_0                                                  |    <0.001 |
|                 bresp_fifo_0                                                |    <0.001 |
|     rst_ps7_0_50M                                                           |    <0.001 |
|       U0                                                                    |    <0.001 |
|         EXT_LPF                                                             |    <0.001 |
|           ACTIVE_LOW_AUX.ACT_LO_AUX                                         |    <0.001 |
|           ACTIVE_LOW_EXT.ACT_LO_EXT                                         |    <0.001 |
|         SEQ                                                                 |    <0.001 |
|           SEQ_COUNTER                                                       |    <0.001 |
|     uart_rx_0                                                               |    <0.001 |
|       inst                                                                  |    <0.001 |
|         u_uart_rx                                                           |    <0.001 |
|     uart_tx_0                                                               |    <0.001 |
|       inst                                                                  |    <0.001 |
|         u_uart_tx                                                           |    <0.001 |
+-----------------------------------------------------------------------------+-----------+


