
*** Running vivado
    with args -log apuf_uart_design_wrapper.vdi -applog -m64 -product Vivado -messageDb vivado.pb -mode batch -source apuf_uart_design_wrapper.tcl -notrace


****** Vivado v2018.2 (64-bit)
  **** SW Build 2258646 on Thu Jun 14 20:03:12 MDT 2018
  **** IP Build 2256618 on Thu Jun 14 22:10:49 MDT 2018
    ** Copyright 1986-2018 Xilinx, Inc. All Rights Reserved.

source apuf_uart_design_wrapper.tcl -notrace
INFO: [IP_Flow 19-234] Refreshing IP repositories
INFO: [IP_Flow 19-1700] Loaded user IP repository 'd:/WorkSpace/HDL/yadro_practice/ip'.
INFO: [IP_Flow 19-2313] Loaded Vivado IP repository 'D:/Programs/Xilinx/Vivado/2018.2/data/ip'.
Command: link_design -top apuf_uart_design_wrapper -part xc7z010clg400-1
Design is defaulting to srcset: sources_1
Design is defaulting to constrset: constrs_1
INFO: [Project 1-454] Reading design checkpoint 'd:/WorkSpace/HDL/yadro_practice/project/apuf_uart_v1.0/apuf_uart_v1.0.srcs/sources_1/bd/apuf_uart_design/ip/apuf_uart_design_apuf_0_0/apuf_uart_design_apuf_0_0.dcp' for cell 'apuf_uart_design_i/apuf_0'
INFO: [Project 1-454] Reading design checkpoint 'd:/WorkSpace/HDL/yadro_practice/project/apuf_uart_v1.0/apuf_uart_v1.0.srcs/sources_1/bd/apuf_uart_design/ip/apuf_uart_design_axi_uartlite_0_0/apuf_uart_design_axi_uartlite_0_0.dcp' for cell 'apuf_uart_design_i/axi_uartlite_0'
INFO: [Project 1-454] Reading design checkpoint 'd:/WorkSpace/HDL/yadro_practice/project/apuf_uart_v1.0/apuf_uart_v1.0.srcs/sources_1/bd/apuf_uart_design/ip/apuf_uart_design_processing_system7_0_0/apuf_uart_design_processing_system7_0_0.dcp' for cell 'apuf_uart_design_i/processing_system7_0'
INFO: [Project 1-454] Reading design checkpoint 'd:/WorkSpace/HDL/yadro_practice/project/apuf_uart_v1.0/apuf_uart_v1.0.srcs/sources_1/bd/apuf_uart_design/ip/apuf_uart_design_rst_ps7_0_50M_0/apuf_uart_design_rst_ps7_0_50M_0.dcp' for cell 'apuf_uart_design_i/rst_ps7_0_50M'
INFO: [Project 1-454] Reading design checkpoint 'd:/WorkSpace/HDL/yadro_practice/project/apuf_uart_v1.0/apuf_uart_v1.0.srcs/sources_1/bd/apuf_uart_design/ip/apuf_uart_design_uart_rx_0_0/apuf_uart_design_uart_rx_0_0.dcp' for cell 'apuf_uart_design_i/uart_rx_0'
INFO: [Project 1-454] Reading design checkpoint 'd:/WorkSpace/HDL/yadro_practice/project/apuf_uart_v1.0/apuf_uart_v1.0.srcs/sources_1/bd/apuf_uart_design/ip/apuf_uart_design_uart_tx_0_0/apuf_uart_design_uart_tx_0_0.dcp' for cell 'apuf_uart_design_i/uart_tx_0'
INFO: [Project 1-454] Reading design checkpoint 'd:/WorkSpace/HDL/yadro_practice/project/apuf_uart_v1.0/apuf_uart_v1.0.srcs/sources_1/bd/apuf_uart_design/ip/apuf_uart_design_auto_pc_0/apuf_uart_design_auto_pc_0.dcp' for cell 'apuf_uart_design_i/ps7_0_axi_periph/s00_couplers/auto_pc'
INFO: [Netlist 29-17] Analyzing 29 Unisim elements for replacement
INFO: [Netlist 29-28] Unisim Transformation completed in 0 CPU seconds
INFO: [Project 1-479] Netlist was created with Vivado 2018.2
INFO: [Device 21-403] Loading part xc7z010clg400-1
INFO: [Project 1-570] Preparing netlist for logic optimization
Parsing XDC File [d:/WorkSpace/HDL/yadro_practice/project/apuf_uart_v1.0/apuf_uart_v1.0.srcs/sources_1/bd/apuf_uart_design/ip/apuf_uart_design_processing_system7_0_0/apuf_uart_design_processing_system7_0_0.xdc] for cell 'apuf_uart_design_i/processing_system7_0/inst'
Finished Parsing XDC File [d:/WorkSpace/HDL/yadro_practice/project/apuf_uart_v1.0/apuf_uart_v1.0.srcs/sources_1/bd/apuf_uart_design/ip/apuf_uart_design_processing_system7_0_0/apuf_uart_design_processing_system7_0_0.xdc] for cell 'apuf_uart_design_i/processing_system7_0/inst'
Parsing XDC File [d:/WorkSpace/HDL/yadro_practice/project/apuf_uart_v1.0/apuf_uart_v1.0.srcs/sources_1/bd/apuf_uart_design/ip/apuf_uart_design_axi_uartlite_0_0/apuf_uart_design_axi_uartlite_0_0_board.xdc] for cell 'apuf_uart_design_i/axi_uartlite_0/U0'
Finished Parsing XDC File [d:/WorkSpace/HDL/yadro_practice/project/apuf_uart_v1.0/apuf_uart_v1.0.srcs/sources_1/bd/apuf_uart_design/ip/apuf_uart_design_axi_uartlite_0_0/apuf_uart_design_axi_uartlite_0_0_board.xdc] for cell 'apuf_uart_design_i/axi_uartlite_0/U0'
Parsing XDC File [d:/WorkSpace/HDL/yadro_practice/project/apuf_uart_v1.0/apuf_uart_v1.0.srcs/sources_1/bd/apuf_uart_design/ip/apuf_uart_design_axi_uartlite_0_0/apuf_uart_design_axi_uartlite_0_0.xdc] for cell 'apuf_uart_design_i/axi_uartlite_0/U0'
Finished Parsing XDC File [d:/WorkSpace/HDL/yadro_practice/project/apuf_uart_v1.0/apuf_uart_v1.0.srcs/sources_1/bd/apuf_uart_design/ip/apuf_uart_design_axi_uartlite_0_0/apuf_uart_design_axi_uartlite_0_0.xdc] for cell 'apuf_uart_design_i/axi_uartlite_0/U0'
Parsing XDC File [d:/WorkSpace/HDL/yadro_practice/project/apuf_uart_v1.0/apuf_uart_v1.0.srcs/sources_1/bd/apuf_uart_design/ip/apuf_uart_design_rst_ps7_0_50M_0/apuf_uart_design_rst_ps7_0_50M_0_board.xdc] for cell 'apuf_uart_design_i/rst_ps7_0_50M/U0'
Finished Parsing XDC File [d:/WorkSpace/HDL/yadro_practice/project/apuf_uart_v1.0/apuf_uart_v1.0.srcs/sources_1/bd/apuf_uart_design/ip/apuf_uart_design_rst_ps7_0_50M_0/apuf_uart_design_rst_ps7_0_50M_0_board.xdc] for cell 'apuf_uart_design_i/rst_ps7_0_50M/U0'
Parsing XDC File [d:/WorkSpace/HDL/yadro_practice/project/apuf_uart_v1.0/apuf_uart_v1.0.srcs/sources_1/bd/apuf_uart_design/ip/apuf_uart_design_rst_ps7_0_50M_0/apuf_uart_design_rst_ps7_0_50M_0.xdc] for cell 'apuf_uart_design_i/rst_ps7_0_50M/U0'
Finished Parsing XDC File [d:/WorkSpace/HDL/yadro_practice/project/apuf_uart_v1.0/apuf_uart_v1.0.srcs/sources_1/bd/apuf_uart_design/ip/apuf_uart_design_rst_ps7_0_50M_0/apuf_uart_design_rst_ps7_0_50M_0.xdc] for cell 'apuf_uart_design_i/rst_ps7_0_50M/U0'
Parsing XDC File [D:/WorkSpace/HDL/yadro_practice/project/apuf_uart_v1.0/apuf_uart_v1.0.srcs/constrs_1/imports/constr/zybo_z7_10_master.xdc]
Finished Parsing XDC File [D:/WorkSpace/HDL/yadro_practice/project/apuf_uart_v1.0/apuf_uart_v1.0.srcs/constrs_1/imports/constr/zybo_z7_10_master.xdc]
INFO: [Opt 31-138] Pushed 0 inverter(s) to 0 load pin(s).
INFO: [Project 1-111] Unisim Transformation Summary:
No Unisim elements were transformed.

17 Infos, 0 Warnings, 0 Critical Warnings and 0 Errors encountered.
link_design completed successfully
link_design: Time (s): cpu = 00:00:07 ; elapsed = 00:00:12 . Memory (MB): peak = 729.219 ; gain = 352.781
Command: opt_design
Attempting to get a license for feature 'Implementation' and/or device 'xc7z010'
INFO: [Common 17-349] Got license for feature 'Implementation' and/or device 'xc7z010'
Running DRC as a precondition to command opt_design

Starting DRC Task
INFO: [DRC 23-27] Running DRC with 2 threads
INFO: [Project 1-461] DRC finished with 0 Errors
INFO: [Project 1-462] Please refer to the DRC report (report_drc) for more information.

Time (s): cpu = 00:00:02 ; elapsed = 00:00:00.656 . Memory (MB): peak = 738.949 ; gain = 9.730

Starting Cache Timing Information Task
INFO: [Timing 38-35] Done setting XDC timing constraints.
Ending Cache Timing Information Task | Checksum: 192a73c54

Time (s): cpu = 00:00:08 ; elapsed = 00:00:10 . Memory (MB): peak = 1280.727 ; gain = 541.555

Starting Logic Optimization Task

Phase 1 Retarget
INFO: [Opt 31-138] Pushed 0 inverter(s) to 0 load pin(s).
INFO: [Opt 31-49] Retargeted 0 cell(s).
Phase 1 Retarget | Checksum: 17d444056

Time (s): cpu = 00:00:00 ; elapsed = 00:00:00.211 . Memory (MB): peak = 1280.727 ; gain = 0.000
INFO: [Opt 31-389] Phase Retarget created 0 cells and removed 0 cells

Phase 2 Constant propagation
INFO: [Opt 31-138] Pushed 0 inverter(s) to 0 load pin(s).
Phase 2 Constant propagation | Checksum: 2451b8960

Time (s): cpu = 00:00:00 ; elapsed = 00:00:00.283 . Memory (MB): peak = 1280.727 ; gain = 0.000
INFO: [Opt 31-389] Phase Constant propagation created 0 cells and removed 100 cells

Phase 3 Sweep
Phase 3 Sweep | Checksum: 22ed9a327

Time (s): cpu = 00:00:00 ; elapsed = 00:00:00.597 . Memory (MB): peak = 1280.727 ; gain = 0.000
INFO: [Opt 31-389] Phase Sweep created 0 cells and removed 402 cells

Phase 4 BUFG optimization
Phase 4 BUFG optimization | Checksum: 22ed9a327

Time (s): cpu = 00:00:00 ; elapsed = 00:00:00.652 . Memory (MB): peak = 1280.727 ; gain = 0.000
INFO: [Opt 31-662] Phase BUFG optimization created 0 cells of which 0 are BUFGs and removed 0 cells.

Phase 5 Shift Register Optimization
Phase 5 Shift Register Optimization | Checksum: e85c002d

Time (s): cpu = 00:00:00 ; elapsed = 00:00:00.798 . Memory (MB): peak = 1280.727 ; gain = 0.000
INFO: [Opt 31-389] Phase Shift Register Optimization created 0 cells and removed 0 cells

Phase 6 Post Processing Netlist
Phase 6 Post Processing Netlist | Checksum: e85c002d

Time (s): cpu = 00:00:00 ; elapsed = 00:00:00.864 . Memory (MB): peak = 1280.727 ; gain = 0.000
INFO: [Opt 31-389] Phase Post Processing Netlist created 0 cells and removed 0 cells

Starting Connectivity Check Task

Time (s): cpu = 00:00:00 ; elapsed = 00:00:00.008 . Memory (MB): peak = 1280.727 ; gain = 0.000
Ending Logic Optimization Task | Checksum: e85c002d

Time (s): cpu = 00:00:00 ; elapsed = 00:00:00.890 . Memory (MB): peak = 1280.727 ; gain = 0.000

Starting Power Optimization Task
INFO: [Pwropt 34-132] Skipping clock gating for clocks with a period < 2.00 ns.
Ending Power Optimization Task | Checksum: e85c002d

Time (s): cpu = 00:00:00 ; elapsed = 00:00:00.010 . Memory (MB): peak = 1280.727 ; gain = 0.000

Starting Final Cleanup Task
Ending Final Cleanup Task | Checksum: e85c002d

Time (s): cpu = 00:00:00 ; elapsed = 00:00:00 . Memory (MB): peak = 1280.727 ; gain = 0.000
INFO: [Common 17-83] Releasing license: Implementation
33 Infos, 0 Warnings, 0 Critical Warnings and 0 Errors encountered.
opt_design completed successfully
opt_design: Time (s): cpu = 00:00:11 ; elapsed = 00:00:11 . Memory (MB): peak = 1280.727 ; gain = 551.508
INFO: [Timing 38-480] Writing timing data to binary archive.
Writing placer database...
Writing XDEF routing.
Writing XDEF routing logical nets.
Writing XDEF routing special nets.
Write XDEF Complete: Time (s): cpu = 00:00:00 ; elapsed = 00:00:00.071 . Memory (MB): peak = 1280.727 ; gain = 0.000
INFO: [Common 17-1381] The checkpoint 'D:/WorkSpace/HDL/yadro_practice/project/apuf_uart_v1.0/apuf_uart_v1.0.runs/impl_1/apuf_uart_design_wrapper_opt.dcp' has been generated.
INFO: [runtcl-4] Executing : report_drc -file apuf_uart_design_wrapper_drc_opted.rpt -pb apuf_uart_design_wrapper_drc_opted.pb -rpx apuf_uart_design_wrapper_drc_opted.rpx
Command: report_drc -file apuf_uart_design_wrapper_drc_opted.rpt -pb apuf_uart_design_wrapper_drc_opted.pb -rpx apuf_uart_design_wrapper_drc_opted.rpx
INFO: [DRC 23-27] Running DRC with 2 threads
INFO: [Coretcl 2-168] The results of DRC are in file D:/WorkSpace/HDL/yadro_practice/project/apuf_uart_v1.0/apuf_uart_v1.0.runs/impl_1/apuf_uart_design_wrapper_drc_opted.rpt.
report_drc completed successfully
Command: place_design
Attempting to get a license for feature 'Implementation' and/or device 'xc7z010'
INFO: [Common 17-349] Got license for feature 'Implementation' and/or device 'xc7z010'
INFO: [DRC 23-27] Running DRC with 2 threads
INFO: [Vivado_Tcl 4-198] DRC finished with 0 Errors
INFO: [Vivado_Tcl 4-199] Please refer to the DRC report (report_drc) for more information.
Running DRC as a precondition to command place_design
INFO: [DRC 23-27] Running DRC with 2 threads
INFO: [Vivado_Tcl 4-198] DRC finished with 0 Errors
INFO: [Vivado_Tcl 4-199] Please refer to the DRC report (report_drc) for more information.

Starting Placer Task
INFO: [Place 30-611] Multithreading enabled for place_design using a maximum of 2 CPUs

Phase 1 Placer Initialization

Phase 1.1 Placer Initialization Netlist Sorting
Netlist sorting complete. Time (s): cpu = 00:00:00 ; elapsed = 00:00:00.005 . Memory (MB): peak = 1280.727 ; gain = 0.000
Phase 1.1 Placer Initialization Netlist Sorting | Checksum: cc82f00a

Time (s): cpu = 00:00:00 ; elapsed = 00:00:00.012 . Memory (MB): peak = 1280.727 ; gain = 0.000
Netlist sorting complete. Time (s): cpu = 00:00:00 ; elapsed = 00:00:00.003 . Memory (MB): peak = 1280.727 ; gain = 0.000

Phase 1.2 IO Placement/ Clock Placement/ Build Placer Device
WARNING: [Place 30-568] A LUT 'apuf_uart_design_i/apuf_0/inst/u_apuf/apuf_path_inst_0/genblk1[127].mux2x1_i_inst_1/q_INST_0' is driving clock pin of 1 registers. This could lead to large hold time violations. First few involved registers are:
	apuf_uart_design_i/apuf_0/inst/u_apuf/apuf_path_inst_0/d_ff_inst_0/q_ff_reg {FDRE}
INFO: [Timing 38-35] Done setting XDC timing constraints.
Phase 1.2 IO Placement/ Clock Placement/ Build Placer Device | Checksum: b25a506e

Time (s): cpu = 00:00:01 ; elapsed = 00:00:01 . Memory (MB): peak = 1280.727 ; gain = 0.000

Phase 1.3 Build Placer Netlist Model
Phase 1.3 Build Placer Netlist Model | Checksum: 22ec62135

Time (s): cpu = 00:00:02 ; elapsed = 00:00:02 . Memory (MB): peak = 1280.727 ; gain = 0.000

Phase 1.4 Constrain Clocks/Macros
Phase 1.4 Constrain Clocks/Macros | Checksum: 22ec62135

Time (s): cpu = 00:00:02 ; elapsed = 00:00:02 . Memory (MB): peak = 1280.727 ; gain = 0.000
Phase 1 Placer Initialization | Checksum: 22ec62135

Time (s): cpu = 00:00:02 ; elapsed = 00:00:02 . Memory (MB): peak = 1280.727 ; gain = 0.000

Phase 2 Global Placement

Phase 2.1 Floorplanning
Phase 2.1 Floorplanning | Checksum: 19d20cfdc

Time (s): cpu = 00:00:02 ; elapsed = 00:00:02 . Memory (MB): peak = 1280.727 ; gain = 0.000

Phase 2.2 Physical Synthesis In Placer
INFO: [Physopt 32-65] No nets found for high-fanout optimization.
INFO: [Physopt 32-232] Optimized 0 net. Created 0 new instance.
INFO: [Physopt 32-775] End 1 Pass. Optimized 0 net or cell. Created 0 new cell, deleted 0 existing cell and moved 0 existing cell
Netlist sorting complete. Time (s): cpu = 00:00:00 ; elapsed = 00:00:00.007 . Memory (MB): peak = 1280.727 ; gain = 0.000

Summary of Physical Synthesis Optimizations
============================================


-----------------------------------------------------------------------------------------------------------------------------
|  Optimization       |  Added Cells  |  Removed Cells  |  Optimized Cells/Nets  |  Dont Touch  |  Iterations  |  Elapsed   |
-----------------------------------------------------------------------------------------------------------------------------
|  Very High Fanout   |            0  |              0  |                     0  |           0  |           1  |  00:00:00  |
|  Total              |            0  |              0  |                     0  |           0  |           1  |  00:00:00  |
-----------------------------------------------------------------------------------------------------------------------------


Phase 2.2 Physical Synthesis In Placer | Checksum: 25aa29d8e

Time (s): cpu = 00:00:06 ; elapsed = 00:00:05 . Memory (MB): peak = 1280.727 ; gain = 0.000
Phase 2 Global Placement | Checksum: 16559cf1b

Time (s): cpu = 00:00:06 ; elapsed = 00:00:05 . Memory (MB): peak = 1280.727 ; gain = 0.000

Phase 3 Detail Placement

Phase 3.1 Commit Multi Column Macros
Phase 3.1 Commit Multi Column Macros | Checksum: 16559cf1b

Time (s): cpu = 00:00:06 ; elapsed = 00:00:05 . Memory (MB): peak = 1280.727 ; gain = 0.000

Phase 3.2 Commit Most Macros & LUTRAMs
Phase 3.2 Commit Most Macros & LUTRAMs | Checksum: 212e88d34

Time (s): cpu = 00:00:06 ; elapsed = 00:00:05 . Memory (MB): peak = 1280.727 ; gain = 0.000

Phase 3.3 Area Swap Optimization
Phase 3.3 Area Swap Optimization | Checksum: 1e7db2bf4

Time (s): cpu = 00:00:06 ; elapsed = 00:00:05 . Memory (MB): peak = 1280.727 ; gain = 0.000

Phase 3.4 Pipeline Register Optimization
Phase 3.4 Pipeline Register Optimization | Checksum: 1e18c43d1

Time (s): cpu = 00:00:06 ; elapsed = 00:00:05 . Memory (MB): peak = 1280.727 ; gain = 0.000

Phase 3.5 Timing Path Optimizer
Phase 3.5 Timing Path Optimizer | Checksum: 1e18c43d1

Time (s): cpu = 00:00:06 ; elapsed = 00:00:05 . Memory (MB): peak = 1280.727 ; gain = 0.000

Phase 3.6 Fast Optimization
Phase 3.6 Fast Optimization | Checksum: 17c10f319

Time (s): cpu = 00:00:10 ; elapsed = 00:00:11 . Memory (MB): peak = 1280.727 ; gain = 0.000

Phase 3.7 Small Shape Detail Placement
Phase 3.7 Small Shape Detail Placement | Checksum: 210af32a9

Time (s): cpu = 00:00:10 ; elapsed = 00:00:12 . Memory (MB): peak = 1280.727 ; gain = 0.000

Phase 3.8 Re-assign LUT pins
Phase 3.8 Re-assign LUT pins | Checksum: 26d7e190e

Time (s): cpu = 00:00:10 ; elapsed = 00:00:12 . Memory (MB): peak = 1280.727 ; gain = 0.000

Phase 3.9 Pipeline Register Optimization
Phase 3.9 Pipeline Register Optimization | Checksum: 26d7e190e

Time (s): cpu = 00:00:10 ; elapsed = 00:00:12 . Memory (MB): peak = 1280.727 ; gain = 0.000

Phase 3.10 Fast Optimization
Phase 3.10 Fast Optimization | Checksum: 26d7e190e

Time (s): cpu = 00:00:13 ; elapsed = 00:00:18 . Memory (MB): peak = 1280.727 ; gain = 0.000
Phase 3 Detail Placement | Checksum: 26d7e190e

Time (s): cpu = 00:00:13 ; elapsed = 00:00:18 . Memory (MB): peak = 1280.727 ; gain = 0.000

Phase 4 Post Placement Optimization and Clean-Up

Phase 4.1 Post Commit Optimization
INFO: [Timing 38-35] Done setting XDC timing constraints.

Phase 4.1.1 Post Placement Optimization
Post Placement Optimization Initialization | Checksum: 1ee5159f0

Phase 4.1.1.1 BUFG Insertion
INFO: [Place 46-31] BUFG insertion identified 0 candidate nets, 0 success, 0 skipped for placement/routing, 0 skipped for timing, 0 skipped for netlist change reason.
Phase 4.1.1.1 BUFG Insertion | Checksum: 1ee5159f0

Time (s): cpu = 00:00:14 ; elapsed = 00:00:18 . Memory (MB): peak = 1282.258 ; gain = 1.531
INFO: [Place 30-746] Post Placement Timing Summary WNS=-64.408. For the most accurate timing information please run report_timing.
Phase 4.1.1 Post Placement Optimization | Checksum: 148c6cce7

Time (s): cpu = 00:00:31 ; elapsed = 00:00:39 . Memory (MB): peak = 1282.258 ; gain = 1.531
Phase 4.1 Post Commit Optimization | Checksum: 148c6cce7

Time (s): cpu = 00:00:31 ; elapsed = 00:00:39 . Memory (MB): peak = 1282.258 ; gain = 1.531

Phase 4.2 Post Placement Cleanup
Phase 4.2 Post Placement Cleanup | Checksum: 148c6cce7

Time (s): cpu = 00:00:31 ; elapsed = 00:00:39 . Memory (MB): peak = 1282.258 ; gain = 1.531

Phase 4.3 Placer Reporting
Phase 4.3 Placer Reporting | Checksum: 148c6cce7

Time (s): cpu = 00:00:31 ; elapsed = 00:00:39 . Memory (MB): peak = 1282.258 ; gain = 1.531

Phase 4.4 Final Placement Cleanup
Phase 4.4 Final Placement Cleanup | Checksum: 6cc358e4

Time (s): cpu = 00:00:31 ; elapsed = 00:00:39 . Memory (MB): peak = 1282.258 ; gain = 1.531
Phase 4 Post Placement Optimization and Clean-Up | Checksum: 6cc358e4

Time (s): cpu = 00:00:32 ; elapsed = 00:00:39 . Memory (MB): peak = 1282.258 ; gain = 1.531
Ending Placer Task | Checksum: 3f0b66b4

Time (s): cpu = 00:00:32 ; elapsed = 00:00:39 . Memory (MB): peak = 1282.258 ; gain = 1.531
INFO: [Common 17-83] Releasing license: Implementation
54 Infos, 1 Warnings, 0 Critical Warnings and 0 Errors encountered.
place_design completed successfully
place_design: Time (s): cpu = 00:00:33 ; elapsed = 00:00:40 . Memory (MB): peak = 1282.258 ; gain = 1.531
INFO: [Timing 38-480] Writing timing data to binary archive.
Writing placer database...
Writing XDEF routing.
Writing XDEF routing logical nets.
Writing XDEF routing special nets.
Write XDEF Complete: Time (s): cpu = 00:00:00 ; elapsed = 00:00:00.193 . Memory (MB): peak = 1294.574 ; gain = 12.316
INFO: [Common 17-1381] The checkpoint 'D:/WorkSpace/HDL/yadro_practice/project/apuf_uart_v1.0/apuf_uart_v1.0.runs/impl_1/apuf_uart_design_wrapper_placed.dcp' has been generated.
INFO: [runtcl-4] Executing : report_io -file apuf_uart_design_wrapper_io_placed.rpt
report_io: Time (s): cpu = 00:00:01 ; elapsed = 00:00:00.047 . Memory (MB): peak = 1294.574 ; gain = 0.000
INFO: [runtcl-4] Executing : report_utilization -file apuf_uart_design_wrapper_utilization_placed.rpt -pb apuf_uart_design_wrapper_utilization_placed.pb
report_utilization: Time (s): cpu = 00:00:00 ; elapsed = 00:00:00.038 . Memory (MB): peak = 1294.574 ; gain = 0.000
INFO: [runtcl-4] Executing : report_control_sets -verbose -file apuf_uart_design_wrapper_control_sets_placed.rpt
report_control_sets: Time (s): cpu = 00:00:00 ; elapsed = 00:00:00.010 . Memory (MB): peak = 1294.574 ; gain = 0.000
Command: route_design
Attempting to get a license for feature 'Implementation' and/or device 'xc7z010'
INFO: [Common 17-349] Got license for feature 'Implementation' and/or device 'xc7z010'
Running DRC as a precondition to command route_design
INFO: [DRC 23-27] Running DRC with 2 threads
INFO: [Vivado_Tcl 4-198] DRC finished with 0 Errors
INFO: [Vivado_Tcl 4-199] Please refer to the DRC report (report_drc) for more information.


Starting Routing Task
INFO: [Route 35-254] Multithreading enabled for route_design using a maximum of 2 CPUs
Checksum: PlaceDB: 3010cb7e ConstDB: 0 ShapeSum: efa9b36 RouteDB: 0

Phase 1 Build RT Design
Phase 1 Build RT Design | Checksum: 1311ac61d

Time (s): cpu = 00:00:11 ; elapsed = 00:00:10 . Memory (MB): peak = 1351.719 ; gain = 57.145
Post Restoration Checksum: NetGraph: 702c5882 NumContArr: c0ee6d9b Constraints: 0 Timing: 0

Phase 2 Router Initialization

Phase 2.1 Create Timer
Phase 2.1 Create Timer | Checksum: 1311ac61d

Time (s): cpu = 00:00:11 ; elapsed = 00:00:10 . Memory (MB): peak = 1351.719 ; gain = 57.145

Phase 2.2 Fix Topology Constraints
Phase 2.2 Fix Topology Constraints | Checksum: 1311ac61d

Time (s): cpu = 00:00:11 ; elapsed = 00:00:10 . Memory (MB): peak = 1357.746 ; gain = 63.172

Phase 2.3 Pre Route Cleanup
Phase 2.3 Pre Route Cleanup | Checksum: 1311ac61d

Time (s): cpu = 00:00:11 ; elapsed = 00:00:10 . Memory (MB): peak = 1357.746 ; gain = 63.172
 Number of Nodes with overlaps = 0

Phase 2.4 Update Timing
Phase 2.4 Update Timing | Checksum: 233415ff0

Time (s): cpu = 00:00:12 ; elapsed = 00:00:10 . Memory (MB): peak = 1364.188 ; gain = 69.613
INFO: [Route 35-416] Intermediate Timing Summary | WNS=-63.652| TNS=-84.456| WHS=-39.246| THS=-60.083|

Phase 2 Router Initialization | Checksum: 2293212b6

Time (s): cpu = 00:00:12 ; elapsed = 00:00:10 . Memory (MB): peak = 1366.754 ; gain = 72.180

Phase 3 Initial Routing
Phase 3 Initial Routing | Checksum: 19f754766

Time (s): cpu = 00:00:13 ; elapsed = 00:00:11 . Memory (MB): peak = 1366.754 ; gain = 72.180

Phase 4 Rip-up And Reroute

Phase 4.1 Global Iteration 0
 Number of Nodes with overlaps = 244
 Number of Nodes with overlaps = 2
 Number of Nodes with overlaps = 1
 Number of Nodes with overlaps = 1
 Number of Nodes with overlaps = 0
INFO: [Route 35-416] Intermediate Timing Summary | WNS=-65.243| TNS=-85.928| WHS=N/A    | THS=N/A    |

Phase 4.1 Global Iteration 0 | Checksum: 2308a4991

Time (s): cpu = 00:00:14 ; elapsed = 00:00:11 . Memory (MB): peak = 1366.754 ; gain = 72.180

Phase 4.2 Global Iteration 1
 Number of Nodes with overlaps = 69
 Number of Nodes with overlaps = 7
 Number of Nodes with overlaps = 0
INFO: [Route 35-416] Intermediate Timing Summary | WNS=-64.789| TNS=-85.197| WHS=N/A    | THS=N/A    |

Phase 4.2 Global Iteration 1 | Checksum: 111537118

Time (s): cpu = 00:00:15 ; elapsed = 00:00:12 . Memory (MB): peak = 1366.754 ; gain = 72.180

Phase 4.3 Global Iteration 2
 Number of Nodes with overlaps = 75
 Number of Nodes with overlaps = 4
 Number of Nodes with overlaps = 0
INFO: [Route 35-416] Intermediate Timing Summary | WNS=-63.608| TNS=-82.439| WHS=N/A    | THS=N/A    |

Phase 4.3 Global Iteration 2 | Checksum: 1f8cda5b5

Time (s): cpu = 00:00:15 ; elapsed = 00:00:12 . Memory (MB): peak = 1366.754 ; gain = 72.180

Phase 4.4 Global Iteration 3
 Number of Nodes with overlaps = 68
 Number of Nodes with overlaps = 5
 Number of Nodes with overlaps = 1
 Number of Nodes with overlaps = 0
INFO: [Route 35-416] Intermediate Timing Summary | WNS=-64.420| TNS=-84.012| WHS=N/A    | THS=N/A    |

Phase 4.4 Global Iteration 3 | Checksum: 19a89b19e

Time (s): cpu = 00:00:16 ; elapsed = 00:00:13 . Memory (MB): peak = 1366.754 ; gain = 72.180
Phase 4 Rip-up And Reroute | Checksum: 19a89b19e

Time (s): cpu = 00:00:16 ; elapsed = 00:00:13 . Memory (MB): peak = 1366.754 ; gain = 72.180

Phase 5 Delay and Skew Optimization

Phase 5.1 Delay CleanUp

Phase 5.1.1 Update Timing
Phase 5.1.1 Update Timing | Checksum: 1eb697699

Time (s): cpu = 00:00:16 ; elapsed = 00:00:13 . Memory (MB): peak = 1366.754 ; gain = 72.180
INFO: [Route 35-416] Intermediate Timing Summary | WNS=-63.608| TNS=-82.439| WHS=N/A    | THS=N/A    |

 Number of Nodes with overlaps = 0
Phase 5.1 Delay CleanUp | Checksum: 128157c24

Time (s): cpu = 00:00:16 ; elapsed = 00:00:13 . Memory (MB): peak = 1366.754 ; gain = 72.180

Phase 5.2 Clock Skew Optimization
Phase 5.2 Clock Skew Optimization | Checksum: 128157c24

Time (s): cpu = 00:00:16 ; elapsed = 00:00:13 . Memory (MB): peak = 1366.754 ; gain = 72.180
Phase 5 Delay and Skew Optimization | Checksum: 128157c24

Time (s): cpu = 00:00:16 ; elapsed = 00:00:13 . Memory (MB): peak = 1366.754 ; gain = 72.180

Phase 6 Post Hold Fix

Phase 6.1 Hold Fix Iter

Phase 6.1.1 Update Timing
Phase 6.1.1 Update Timing | Checksum: 1aaedddf1

Time (s): cpu = 00:00:16 ; elapsed = 00:00:13 . Memory (MB): peak = 1366.754 ; gain = 72.180
INFO: [Route 35-416] Intermediate Timing Summary | WNS=-63.547| TNS=-82.368| WHS=-80.754| THS=-80.754|


Phase 6.1.2 Lut RouteThru Assignment for hold
Phase 6.1.2 Lut RouteThru Assignment for hold | Checksum: 131ae2b9c

Time (s): cpu = 00:04:25 ; elapsed = 00:02:26 . Memory (MB): peak = 1657.879 ; gain = 363.305
Phase 6.1 Hold Fix Iter | Checksum: 131ae2b9c

Time (s): cpu = 00:04:25 ; elapsed = 00:02:26 . Memory (MB): peak = 1657.879 ; gain = 363.305

Phase 6.2 Additional Hold Fix
INFO: [Route 35-416] Intermediate Timing Summary | WNS=-125.157| TNS=-158.890| WHS=-142.364| THS=-142.364|

Phase 6.2 Additional Hold Fix | Checksum: 1e1653164

Time (s): cpu = 00:06:08 ; elapsed = 00:03:27 . Memory (MB): peak = 1751.355 ; gain = 456.781
 Number of Nodes with overlaps = 33
 Number of Nodes with overlaps = 17
 Number of Nodes with overlaps = 12
 Number of Nodes with overlaps = 3
 Number of Nodes with overlaps = 0
WARNING: [Route 35-468] The router encountered 261 pins that are both setup-critical and hold-critical and tried to fix hold violations at the expense of setup slack. Such pins are:
	apuf_uart_design_i/apuf_0/inst/u_apuf/apuf_path_inst_0/genblk1[12].mux2x1_i_inst_1/q_INST_0/I2
	apuf_uart_design_i/apuf_0/inst/u_apuf/apuf_path_inst_0/genblk1[12].mux2x1_i_inst_0/q_INST_0/I0
	apuf_uart_design_i/apuf_0/inst/u_apuf/apuf_path_inst_0/genblk1[11].mux2x1_i_inst_0/q_INST_0/I2
	apuf_uart_design_i/apuf_0/inst/u_apuf/apuf_path_inst_0/genblk1[11].mux2x1_i_inst_1/q_INST_0/I0
	apuf_uart_design_i/apuf_0/inst/u_apuf/apuf_path_inst_0/genblk1[11].mux2x1_i_inst_0/q_INST_0/I1
	apuf_uart_design_i/apuf_0/inst/u_apuf/apuf_path_inst_0/genblk1[11].mux2x1_i_inst_1/q_INST_0/I1
	apuf_uart_design_i/apuf_0/inst/u_apuf/apuf_path_inst_0/genblk1[11].mux2x1_i_inst_1/q_INST_0/I2
	apuf_uart_design_i/apuf_0/inst/u_apuf/apuf_path_inst_0/genblk1[11].mux2x1_i_inst_0/q_INST_0/I0
	apuf_uart_design_i/apuf_0/inst/u_apuf/apuf_path_inst_0/genblk1[13].mux2x1_i_inst_0/q_INST_0/I2
	apuf_uart_design_i/apuf_0/inst/u_apuf/apuf_path_inst_0/genblk1[13].mux2x1_i_inst_1/q_INST_0/I0
	.. and 251 more pins.

Phase 6 Post Hold Fix | Checksum: 1b9f36538

Time (s): cpu = 00:07:13 ; elapsed = 00:04:15 . Memory (MB): peak = 1751.355 ; gain = 456.781

Phase 7 Route finalize

Router Utilization Summary
  Global Vertical Routing Utilization    = 3.28575 %
  Global Horizontal Routing Utilization  = 3.06089 %
  Routable Net Status*
  *Does not include unroutable nets such as driverless and loadless.
  Run report_route_status for detailed report.
  Number of Failed Nets               = 0
  Number of Unrouted Nets             = 0
  Number of Partially Routed Nets     = 0
  Number of Node Overlaps             = 0

Congestion Report
North Dir 1x1 Area, Max Cong = 64.8649%, No Congested Regions.
South Dir 1x1 Area, Max Cong = 54.0541%, No Congested Regions.
East Dir 1x1 Area, Max Cong = 58.8235%, No Congested Regions.
West Dir 1x1 Area, Max Cong = 57.3529%, No Congested Regions.

------------------------------
Reporting congestion hotspots
------------------------------
Direction: North
----------------
Congested clusters found at Level 0
Effective congestion level: 0 Aspect Ratio: 1 Sparse Ratio: 0
Direction: South
----------------
Congested clusters found at Level 0
Effective congestion level: 0 Aspect Ratio: 1 Sparse Ratio: 0
Direction: East
----------------
Congested clusters found at Level 0
Effective congestion level: 0 Aspect Ratio: 1 Sparse Ratio: 0
Direction: West
----------------
Congested clusters found at Level 0
Effective congestion level: 0 Aspect Ratio: 1 Sparse Ratio: 0

Phase 7 Route finalize | Checksum: 110c5650d

Time (s): cpu = 00:07:13 ; elapsed = 00:04:15 . Memory (MB): peak = 1751.355 ; gain = 456.781

Phase 8 Verifying routed nets

 Verification completed successfully
Phase 8 Verifying routed nets | Checksum: 110c5650d

Time (s): cpu = 00:07:13 ; elapsed = 00:04:15 . Memory (MB): peak = 1751.355 ; gain = 456.781

Phase 9 Depositing Routes
Phase 9 Depositing Routes | Checksum: 15df192e6

Time (s): cpu = 00:07:13 ; elapsed = 00:04:15 . Memory (MB): peak = 1751.355 ; gain = 456.781

Phase 10 Post Router Timing

Phase 10.1 Update Timing
Phase 10.1 Update Timing | Checksum: 1db6c8886

Time (s): cpu = 00:07:13 ; elapsed = 00:04:15 . Memory (MB): peak = 1751.355 ; gain = 456.781
INFO: [Route 35-57] Estimated Timing Summary | WNS=-277.952| TNS=-369.769| WHS=-295.159| THS=-295.159|

WARNING: [Route 35-328] Router estimated timing not met.
Resolution: For a complete and accurate timing signoff, report_timing_summary must be run after route_design. Alternatively, route_design can be run with the -timing_summary option to enable a complete timing signoff at the end of route_design.
Phase 10 Post Router Timing | Checksum: 1db6c8886

Time (s): cpu = 00:07:13 ; elapsed = 00:04:15 . Memory (MB): peak = 1751.355 ; gain = 456.781
INFO: [Route 35-16] Router Completed Successfully

Time (s): cpu = 00:07:13 ; elapsed = 00:04:15 . Memory (MB): peak = 1751.355 ; gain = 456.781

Routing Is Done.
INFO: [Common 17-83] Releasing license: Implementation
75 Infos, 3 Warnings, 0 Critical Warnings and 0 Errors encountered.
route_design completed successfully
route_design: Time (s): cpu = 00:07:15 ; elapsed = 00:04:16 . Memory (MB): peak = 1751.355 ; gain = 456.781
INFO: [Timing 38-480] Writing timing data to binary archive.
Writing placer database...
Writing XDEF routing.
Writing XDEF routing logical nets.
Writing XDEF routing special nets.
Write XDEF Complete: Time (s): cpu = 00:00:01 ; elapsed = 00:00:00.222 . Memory (MB): peak = 1751.355 ; gain = 0.000
INFO: [Common 17-1381] The checkpoint 'D:/WorkSpace/HDL/yadro_practice/project/apuf_uart_v1.0/apuf_uart_v1.0.runs/impl_1/apuf_uart_design_wrapper_routed.dcp' has been generated.
INFO: [runtcl-4] Executing : report_drc -file apuf_uart_design_wrapper_drc_routed.rpt -pb apuf_uart_design_wrapper_drc_routed.pb -rpx apuf_uart_design_wrapper_drc_routed.rpx
Command: report_drc -file apuf_uart_design_wrapper_drc_routed.rpt -pb apuf_uart_design_wrapper_drc_routed.pb -rpx apuf_uart_design_wrapper_drc_routed.rpx
INFO: [DRC 23-27] Running DRC with 2 threads
INFO: [Coretcl 2-168] The results of DRC are in file D:/WorkSpace/HDL/yadro_practice/project/apuf_uart_v1.0/apuf_uart_v1.0.runs/impl_1/apuf_uart_design_wrapper_drc_routed.rpt.
report_drc completed successfully
INFO: [runtcl-4] Executing : report_methodology -file apuf_uart_design_wrapper_methodology_drc_routed.rpt -pb apuf_uart_design_wrapper_methodology_drc_routed.pb -rpx apuf_uart_design_wrapper_methodology_drc_routed.rpx
Command: report_methodology -file apuf_uart_design_wrapper_methodology_drc_routed.rpt -pb apuf_uart_design_wrapper_methodology_drc_routed.pb -rpx apuf_uart_design_wrapper_methodology_drc_routed.rpx
INFO: [Timing 38-35] Done setting XDC timing constraints.
INFO: [Timing 38-35] Done setting XDC timing constraints.
INFO: [DRC 23-133] Running Methodology with 2 threads
INFO: [Coretcl 2-1520] The results of Report Methodology are in file D:/WorkSpace/HDL/yadro_practice/project/apuf_uart_v1.0/apuf_uart_v1.0.runs/impl_1/apuf_uart_design_wrapper_methodology_drc_routed.rpt.
report_methodology completed successfully
INFO: [runtcl-4] Executing : report_power -file apuf_uart_design_wrapper_power_routed.rpt -pb apuf_uart_design_wrapper_power_summary_routed.pb -rpx apuf_uart_design_wrapper_power_routed.rpx
Command: report_power -file apuf_uart_design_wrapper_power_routed.rpt -pb apuf_uart_design_wrapper_power_summary_routed.pb -rpx apuf_uart_design_wrapper_power_routed.rpx
INFO: [Timing 38-35] Done setting XDC timing constraints.
Running Vector-less Activity Propagation...

Finished Running Vector-less Activity Propagation
87 Infos, 3 Warnings, 0 Critical Warnings and 0 Errors encountered.
report_power completed successfully
INFO: [runtcl-4] Executing : report_route_status -file apuf_uart_design_wrapper_route_status.rpt -pb apuf_uart_design_wrapper_route_status.pb
INFO: [runtcl-4] Executing : report_timing_summary -max_paths 10 -file apuf_uart_design_wrapper_timing_summary_routed.rpt -pb apuf_uart_design_wrapper_timing_summary_routed.pb -rpx apuf_uart_design_wrapper_timing_summary_routed.rpx -warn_on_violation 
INFO: [Timing 38-91] UpdateTimingParams: Speed grade: -1, Delay Type: min_max, Timing Stage: Requireds.
INFO: [Timing 38-191] Multithreading enabled for timing update using a maximum of 2 CPUs
CRITICAL WARNING: [Timing 38-282] The design failed to meet the timing requirements. Please see the timing summary report for details on the timing violations.
INFO: [runtcl-4] Executing : report_incremental_reuse -file apuf_uart_design_wrapper_incremental_reuse_routed.rpt
INFO: [Vivado_Tcl 4-545] No incremental reuse to report, no incremental placement and routing data was found.
INFO: [runtcl-4] Executing : report_clock_utilization -file apuf_uart_design_wrapper_clock_utilization_routed.rpt
INFO: [runtcl-4] Executing : report_bus_skew -warn_on_violation -file apuf_uart_design_wrapper_bus_skew_routed.rpt -pb apuf_uart_design_wrapper_bus_skew_routed.pb -rpx apuf_uart_design_wrapper_bus_skew_routed.rpx
INFO: [Timing 38-91] UpdateTimingParams: Speed grade: -1, Delay Type: min_max, Timing Stage: Requireds.
INFO: [Timing 38-191] Multithreading enabled for timing update using a maximum of 2 CPUs
Command: write_bitstream -force apuf_uart_design_wrapper.bit
Attempting to get a license for feature 'Implementation' and/or device 'xc7z010'
INFO: [Common 17-349] Got license for feature 'Implementation' and/or device 'xc7z010'
Running DRC as a precondition to command write_bitstream
INFO: [DRC 23-27] Running DRC with 2 threads
WARNING: [DRC PDRC-153] Gated clock check: Net apuf_uart_design_i/apuf_0/inst/u_apuf/apuf_path_inst_0/genblk1[127].mux2x1_i_inst_1/q is a gated clock net sourced by a combinational pin apuf_uart_design_i/apuf_0/inst/u_apuf/apuf_path_inst_0/genblk1[127].mux2x1_i_inst_1/q_INST_0/O, cell apuf_uart_design_i/apuf_0/inst/u_apuf/apuf_path_inst_0/genblk1[127].mux2x1_i_inst_1/q_INST_0. This is not good design practice and will likely impact performance. For SLICE registers, for example, use the CE pin to control the loading of data.
WARNING: [DRC PLHOLDVIO-2] Non-Optimal connections which could lead to hold violations: A LUT apuf_uart_design_i/apuf_0/inst/u_apuf/apuf_path_inst_0/genblk1[127].mux2x1_i_inst_1/q_INST_0 is driving clock pin of 1 cells. This could lead to large hold time violations. First few involved cells are:
    apuf_uart_design_i/apuf_0/inst/u_apuf/apuf_path_inst_0/d_ff_inst_0/q_ff_reg {FDRE}
INFO: [Vivado 12-3199] DRC finished with 0 Errors, 2 Warnings
INFO: [Vivado 12-3200] Please refer to the DRC report (report_drc) for more information.
INFO: [Designutils 20-2272] Running write_bitstream with 2 threads.
Loading data files...
Loading site data...
Loading route data...
Processing options...
Creating bitmap...
Creating bitstream...
Writing bitstream ./apuf_uart_design_wrapper.bit...
INFO: [Vivado 12-1842] Bitgen Completed Successfully.
INFO: [Project 1-120] WebTalk data collection is mandatory when using a WebPACK part without a full Vivado license. To see the specific WebTalk data collected for your design, open the usage_statistics_webtalk.html or usage_statistics_webtalk.xml file in the implementation directory.
INFO: [Common 17-83] Releasing license: Implementation
105 Infos, 5 Warnings, 1 Critical Warnings and 0 Errors encountered.
write_bitstream completed successfully
write_bitstream: Time (s): cpu = 00:00:13 ; elapsed = 00:00:15 . Memory (MB): peak = 1820.020 ; gain = 68.664
INFO: [Common 17-206] Exiting Vivado at Tue Jun 16 12:33:16 2026...
