Copyright 1986-2018 Xilinx, Inc. All Rights Reserved.
------------------------------------------------------------------------------------
| Tool Version : Vivado v.2018.2 (win64) Build 2258646 Thu Jun 14 20:03:12 MDT 2018
| Date         : Tue Jun 16 12:26:01 2026
| Host         : Shef running 64-bit major release  (build 9200)
| Command      : upgrade_ip
| Device       : xc7z010clg400-1
------------------------------------------------------------------------------------

Upgrade Log for IP 'apuf_uart_design_apuf_0_0'

1. Summary
----------

SUCCESS in the conversion of apuf_uart_design_apuf_0_0 (xilinx.com:user:apuf:1.1 (Rev. 1)) to Vivado generation flows.






Copyright 1986-2018 Xilinx, Inc. All Rights Reserved.
------------------------------------------------------------------------------------
| Tool Version : Vivado v.2018.2 (win64) Build 2258646 Thu Jun 14 20:03:12 MDT 2018
| Date         : Tue Jun 16 11:51:38 2026
| Host         : Shef running 64-bit major release  (build 9200)
| Command      : upgrade_ip
| Device       : xc7z010clg400-1
------------------------------------------------------------------------------------

Upgrade Log for IP 'apuf_uart_design_apuf_0_0'

1. Summary
----------

SUCCESS in the upgrade of apuf_uart_design_apuf_0_0 from xilinx.com:user:apuf:1.0 (Rev. 1) to xilinx.com:user:apuf:1.1 (Rev. 1)






Copyright 1986-2018 Xilinx, Inc. All Rights Reserved.
------------------------------------------------------------------------------------
| Tool Version : Vivado v.2018.2 (win64) Build 2258646 Thu Jun 14 20:03:12 MDT 2018
| Date         : Fri Jun 12 13:07:39 2026
| Host         : Shef running 64-bit major release  (build 9200)
| Command      : upgrade_ip
| Device       : xc7z010clg400-1
------------------------------------------------------------------------------------

Upgrade Log for IP 'apuf_uart_design_apuf_0_0'

1. Summary
----------

SUCCESS in the conversion of apuf_uart_design_apuf_0_0 (xilinx.com:user:apuf:1.0 (Rev. 1)) to Vivado generation flows.






Copyright 1986-2018 Xilinx, Inc. All Rights Reserved.
------------------------------------------------------------------------------------
| Tool Version : Vivado v.2018.2 (win64) Build 2258646 Thu Jun 14 20:03:12 MDT 2018
| Date         : Fri Jun 12 12:35:40 2026
| Host         : Shef running 64-bit major release  (build 9200)
| Command      : upgrade_ip
| Device       : xc7z010clg400-1
------------------------------------------------------------------------------------

Upgrade Log for IP 'apuf_uart_design_apuf_0_0'

1. Summary
----------

SUCCESS in the conversion of apuf_uart_design_apuf_0_0 (xilinx.com:user:apuf:1.0 (Rev. 1)) to Vivado generation flows.






Copyright 1986-2018 Xilinx, Inc. All Rights Reserved.
------------------------------------------------------------------------------------
| Tool Version : Vivado v.2018.2 (win64) Build 2258646 Thu Jun 14 20:03:12 MDT 2018
| Date         : Fri Jun 12 12:13:55 2026
| Host         : Shef running 64-bit major release  (build 9200)
| Command      : upgrade_ip
| Device       : xc7z010clg400-1
------------------------------------------------------------------------------------

Upgrade Log for IP 'apuf_uart_design_apuf_0_0'

1. Summary
----------

SUCCESS in the conversion of apuf_uart_design_apuf_0_0 (xilinx.com:user:apuf:1.0 (Rev. 1)) to Vivado generation flows.






Copyright 1986-2018 Xilinx, Inc. All Rights Reserved.
------------------------------------------------------------------------------------
| Tool Version : Vivado v.2018.2 (win64) Build 2258646 Thu Jun 14 20:03:12 MDT 2018
| Date         : Fri Jun 12 11:48:20 2026
| Host         : Shef running 64-bit major release  (build 9200)
| Command      : upgrade_ip
| Device       : xc7z010clg400-1
------------------------------------------------------------------------------------

Upgrade Log for IP 'apuf_uart_design_apuf_0_0'

1. Summary
----------

SUCCESS in the upgrade of apuf_uart_design_apuf_0_0 (xilinx.com:user:apuf:1.0) from (Rev. 5) to (Rev. 1)






Copyright 1986-2018 Xilinx, Inc. All Rights Reserved.
------------------------------------------------------------------------------------
| Tool Version : Vivado v.2018.2 (win64) Build 2258646 Thu Jun 14 20:03:12 MDT 2018
| Date         : Fri Jun 12 11:28:37 2026
| Host         : Shef running 64-bit major release  (build 9200)
| Command      : upgrade_ip
| Device       : xc7z010clg400-1
------------------------------------------------------------------------------------

Upgrade Log for IP 'apuf_uart_design_apuf_0_0'

1. Summary
----------

SUCCESS in the upgrade of apuf_uart_design_apuf_0_0 (xilinx.com:user:apuf:1.0) from (Rev. 3) to (Rev. 5)






Copyright 1986-2018 Xilinx, Inc. All Rights Reserved.
------------------------------------------------------------------------------------
| Tool Version : Vivado v.2018.2 (win64) Build 2258646 Thu Jun 14 20:03:12 MDT 2018
| Date         : Thu Jun 11 16:43:09 2026
| Host         : Shef running 64-bit major release  (build 9200)
| Command      : upgrade_ip
| Device       : xc7z010clg400-1
------------------------------------------------------------------------------------

Upgrade Log for IP 'apuf_uart_design_apuf_0_0'

1. Summary
----------

SUCCESS in the upgrade of apuf_uart_design_apuf_0_0 (xilinx.com:user:apuf:1.0) from (Rev. 1) to (Rev. 3)

