Copyright 1986-2018 Xilinx, Inc. All Rights Reserved.
--------------------------------------------------------------------------------------------------------------
| Tool Version : Vivado v.2018.2 (win64) Build 2258646 Thu Jun 14 20:03:12 MDT 2018
| Date         : Mon Jun 15 15:20:51 2026
| Host         : Shef running 64-bit major release  (build 9200)
| Command      : report_control_sets -verbose -file apuf_parallel_uart_design_wrapper_control_sets_placed.rpt
| Design       : apuf_parallel_uart_design_wrapper
| Device       : xc7z010
--------------------------------------------------------------------------------------------------------------

Control Set Information

Table of Contents
-----------------
1. Summary
2. Histogram
3. Flip-Flop Distribution
4. Detailed Control Set Information

1. Summary
----------

+----------------------------------------------------------+-------+
|                          Status                          | Count |
+----------------------------------------------------------+-------+
| Number of unique control sets                            |    55 |
| Unused register locations in slices containing registers |   130 |
+----------------------------------------------------------+-------+


2. Histogram
------------

+--------+--------------+
| Fanout | Control Sets |
+--------+--------------+
|      2 |            8 |
|      4 |            1 |
|      8 |           11 |
|     10 |            1 |
|     12 |            3 |
|     14 |            1 |
|    16+ |           30 |
+--------+--------------+


3. Flip-Flop Distribution
-------------------------

+--------------+-----------------------+------------------------+-----------------+--------------+
| Clock Enable | Synchronous Set/Reset | Asynchronous Set/Reset | Total Registers | Total Slices |
+--------------+-----------------------+------------------------+-----------------+--------------+
| No           | No                    | No                     |             276 |           53 |
| No           | No                    | Yes                    |               0 |            0 |
| No           | Yes                   | No                     |             284 |           46 |
| Yes          | No                    | No                     |             444 |           58 |
| Yes          | No                    | Yes                    |               0 |            0 |
| Yes          | Yes                   | No                     |             538 |          111 |
+--------------+-----------------------+------------------------+-----------------+--------------+


4. Detailed Control Set Information
-----------------------------------

+--------------------------------------------------------------------------------------------------------------------------------+---------------------------------------------------------------------------------------------------------------------------------------------------------------------------------+-------------------------------------------------------------------------------------------------------------------------------------------------------------+------------------+----------------+
|                                                          Clock Signal                                                          |                                                                                  Enable Signal                                                                                  |                                                                       Set/Reset Signal                                                                      | Slice Load Count | Bel Load Count |
+--------------------------------------------------------------------------------------------------------------------------------+---------------------------------------------------------------------------------------------------------------------------------------------------------------------------------+-------------------------------------------------------------------------------------------------------------------------------------------------------------+------------------+----------------+
|  apuf_parallel_uart_design_i/apuf_parallel_0/inst/u_apuf_parallel/genblk1[1].apuf_path_i_inst_0/genblk1[127].mux2x1_i_inst_1/q |                                                                                                                                                                                 |                                                                                                                                                             |                1 |              2 |
|  apuf_parallel_uart_design_i/apuf_parallel_0/inst/u_apuf_parallel/genblk1[2].apuf_path_i_inst_0/genblk1[127].mux2x1_i_inst_1/q |                                                                                                                                                                                 |                                                                                                                                                             |                1 |              2 |
|  apuf_parallel_uart_design_i/apuf_parallel_0/inst/u_apuf_parallel/genblk1[0].apuf_path_i_inst_0/genblk1[127].mux2x1_i_inst_1/q |                                                                                                                                                                                 |                                                                                                                                                             |                1 |              2 |
|  apuf_parallel_uart_design_i/apuf_parallel_0/inst/u_apuf_parallel/genblk1[3].apuf_path_i_inst_0/genblk1[127].mux2x1_i_inst_1/q |                                                                                                                                                                                 |                                                                                                                                                             |                1 |              2 |
|  apuf_parallel_uart_design_i/apuf_parallel_0/inst/u_apuf_parallel/genblk1[4].apuf_path_i_inst_0/genblk1[127].mux2x1_i_inst_1/q |                                                                                                                                                                                 |                                                                                                                                                             |                1 |              2 |
|  apuf_parallel_uart_design_i/apuf_parallel_0/inst/u_apuf_parallel/genblk1[5].apuf_path_i_inst_0/genblk1[127].mux2x1_i_inst_1/q |                                                                                                                                                                                 |                                                                                                                                                             |                1 |              2 |
|  apuf_parallel_uart_design_i/apuf_parallel_0/inst/u_apuf_parallel/genblk1[6].apuf_path_i_inst_0/genblk1[127].mux2x1_i_inst_1/q |                                                                                                                                                                                 |                                                                                                                                                             |                1 |              2 |
|  apuf_parallel_uart_design_i/apuf_parallel_0/inst/u_apuf_parallel/genblk1[7].apuf_path_i_inst_0/genblk1[127].mux2x1_i_inst_1/q |                                                                                                                                                                                 |                                                                                                                                                             |                1 |              2 |
|  apuf_parallel_uart_design_i/processing_system7_0/inst/FCLK_CLK0                                                               | apuf_parallel_uart_design_i/ps7_0_axi_periph/s00_couplers/auto_pc/inst/gen_axilite.gen_b2s_conv.axilite_b2s/WR.b_channel_0/bid_fifo_0/bresp_push                                |                                                                                                                                                             |                1 |              4 |
|  apuf_parallel_uart_design_i/processing_system7_0/inst/FCLK_CLK0                                                               | apuf_parallel_uart_design_i/ps7_0_axi_periph/s00_couplers/auto_pc/inst/gen_axilite.gen_b2s_conv.axilite_b2s/WR.aw_channel_0/aw_cmd_fsm_0/E[0]                                   |                                                                                                                                                             |                3 |              8 |
|  apuf_parallel_uart_design_i/processing_system7_0/inst/FCLK_CLK0                                                               | apuf_parallel_uart_design_i/ps7_0_axi_periph/s00_couplers/auto_pc/inst/gen_axilite.gen_b2s_conv.axilite_b2s/WR.aw_channel_0/cmd_translator_0/incr_cmd_0/axaddr_incr[11]_i_1_n_0 |                                                                                                                                                             |                2 |              8 |
|  apuf_parallel_uart_design_i/processing_system7_0/inst/FCLK_CLK0                                                               | apuf_parallel_uart_design_i/ps7_0_axi_periph/s00_couplers/auto_pc/inst/gen_axilite.gen_b2s_conv.axilite_b2s/WR.aw_channel_0/aw_cmd_fsm_0/axaddr_wrap_reg[11][0]                 | apuf_parallel_uart_design_i/ps7_0_axi_periph/s00_couplers/auto_pc/inst/gen_axilite.gen_b2s_conv.axilite_b2s/WR.aw_channel_0/aw_cmd_fsm_0/axlen_cnt_reg[7]_1 |                2 |              8 |
|  apuf_parallel_uart_design_i/processing_system7_0/inst/FCLK_CLK0                                                               |                                                                                                                                                                                 | apuf_parallel_uart_design_i/rst_ps7_0_50M/U0/EXT_LPF/lpf_int                                                                                                |                1 |              8 |
|  apuf_parallel_uart_design_i/processing_system7_0/inst/FCLK_CLK0                                                               | apuf_parallel_uart_design_i/ps7_0_axi_periph/s00_couplers/auto_pc/inst/gen_axilite.gen_b2s_conv.axilite_b2s/RD.ar_channel_0/ar_cmd_fsm_0/axaddr_incr_reg[0][0]                  |                                                                                                                                                             |                2 |              8 |
|  apuf_parallel_uart_design_i/processing_system7_0/inst/FCLK_CLK0                                                               |                                                                                                                                                                                 | apuf_parallel_uart_design_i/ps7_0_axi_periph/s00_couplers/auto_pc/inst/gen_axilite.gen_b2s_conv.axilite_b2s/SI_REG/aw.aw_pipe/s_ready_i_reg_0               |                1 |              8 |
|  apuf_parallel_uart_design_i/processing_system7_0/inst/FCLK_CLK0                                                               |                                                                                                                                                                                 | apuf_parallel_uart_design_i/ps7_0_axi_periph/s00_couplers/auto_pc/inst/gen_axilite.gen_b2s_conv.axilite_b2s/SI_REG/ar.ar_pipe/m_valid_i_reg_0               |                2 |              8 |
|  apuf_parallel_uart_design_i/processing_system7_0/inst/FCLK_CLK0                                                               | apuf_parallel_uart_design_i/ps7_0_axi_periph/s00_couplers/auto_pc/inst/gen_axilite.gen_b2s_conv.axilite_b2s/RD.ar_channel_0/ar_cmd_fsm_0/E[0]                                   | apuf_parallel_uart_design_i/ps7_0_axi_periph/s00_couplers/auto_pc/inst/gen_axilite.gen_b2s_conv.axilite_b2s/RD.ar_channel_0/ar_cmd_fsm_0/axlen_cnt_reg[7]   |                2 |              8 |
|  apuf_parallel_uart_design_i/processing_system7_0/inst/FCLK_CLK0                                                               | apuf_parallel_uart_design_i/ps7_0_axi_periph/s00_couplers/auto_pc/inst/gen_axilite.gen_b2s_conv.axilite_b2s/RD.ar_channel_0/ar_cmd_fsm_0/wrap_boundary_axaddr_r_reg[11][0]      |                                                                                                                                                             |                2 |              8 |
|  apuf_parallel_uart_design_i/processing_system7_0/inst/FCLK_CLK0                                                               | apuf_parallel_uart_design_i/axi_uartlite_0/U0/AXI_LITE_IPIF_I/I_SLAVE_ATTACHMENT/start2                                                                                         | apuf_parallel_uart_design_i/axi_uartlite_0/U0/AXI_LITE_IPIF_I/I_SLAVE_ATTACHMENT/I_DECODER/cs_ce_clr                                                        |                2 |              8 |
|  apuf_parallel_uart_design_i/processing_system7_0/inst/FCLK_CLK0                                                               | apuf_parallel_uart_design_i/axi_uartlite_0/U0/UARTLITE_CORE_I/BAUD_RATE_I/en_16x_Baud                                                                                           |                                                                                                                                                             |                2 |              8 |
|  apuf_parallel_uart_design_i/processing_system7_0/inst/FCLK_CLK0                                                               | apuf_parallel_uart_design_i/uart_rx_0/inst/u_uart_rx/FSM_onehot_rx_state_ff[4]_i_1_n_0                                                                                          | apuf_parallel_uart_design_i/uart_rx_0/inst/u_uart_rx/rx_dv_ff_i_1_n_0                                                                                       |                2 |             10 |
|  apuf_parallel_uart_design_i/processing_system7_0/inst/FCLK_CLK0                                                               |                                                                                                                                                                                 | apuf_parallel_uart_design_i/axi_uartlite_0/U0/UARTLITE_CORE_I/UARTLITE_RX_I/SRL_FIFO_I/I_SRL_FIFO_RBU_F/CNTR_INCR_DECR_ADDN_F_I/SS[0]                       |                2 |             12 |
|  apuf_parallel_uart_design_i/processing_system7_0/inst/FCLK_CLK0                                                               |                                                                                                                                                                                 | apuf_parallel_uart_design_i/axi_uartlite_0/U0/UARTLITE_CORE_I/UARTLITE_TX_I/SRL_FIFO_I/I_SRL_FIFO_RBU_F/CNTR_INCR_DECR_ADDN_F_I/SS[0]                       |                2 |             12 |
|  apuf_parallel_uart_design_i/processing_system7_0/inst/FCLK_CLK0                                                               | apuf_parallel_uart_design_i/rst_ps7_0_50M/U0/SEQ/seq_cnt_en                                                                                                                     | apuf_parallel_uart_design_i/rst_ps7_0_50M/U0/SEQ/SEQ_COUNTER/clear                                                                                          |                1 |             12 |
|  apuf_parallel_uart_design_i/processing_system7_0/inst/FCLK_CLK0                                                               | apuf_parallel_uart_design_i/axi_uartlite_0/U0/UARTLITE_CORE_I/BAUD_RATE_I/en_16x_Baud                                                                                           | apuf_parallel_uart_design_i/axi_uartlite_0/U0/UARTLITE_CORE_I/UARTLITE_RX_I/SERIAL_TO_PARALLEL[8].fifo_din[8]_i_1_n_0                                       |                2 |             14 |
|  apuf_parallel_uart_design_i/processing_system7_0/inst/FCLK_CLK0                                                               | apuf_parallel_uart_design_i/axi_uartlite_0/U0/UARTLITE_CORE_I/UARTLITE_RX_I/SRL_FIFO_I/I_SRL_FIFO_RBU_F/DYNSHREG_F_I/fifo_wr                                                    |                                                                                                                                                             |                1 |             16 |
|  apuf_parallel_uart_design_i/processing_system7_0/inst/FCLK_CLK0                                                               | apuf_parallel_uart_design_i/uart_tx_0/inst/u_uart_tx/tx_byte_next                                                                                                               | apuf_parallel_uart_design_i/uart_tx_0/inst/u_uart_tx/tx_serial_ff_i_1_n_0                                                                                   |                2 |             16 |
|  apuf_parallel_uart_design_i/processing_system7_0/inst/FCLK_CLK0                                                               | apuf_parallel_uart_design_i/apuf_parallel_0/inst/u_apuf_parallel/lfsr_inst_0/E[0]                                                                                               | apuf_parallel_uart_design_i/apuf_parallel_0/inst/u_apuf_parallel/tx_data_ff[7]_i_1_n_0                                                                      |                2 |             16 |
|  apuf_parallel_uart_design_i/processing_system7_0/inst/FCLK_CLK0                                                               | apuf_parallel_uart_design_i/ps7_0_axi_periph/s00_couplers/auto_pc/inst/gen_axilite.gen_b2s_conv.axilite_b2s/WR.b_channel_0/mhandshake_r                                         | apuf_parallel_uart_design_i/ps7_0_axi_periph/s00_couplers/auto_pc/inst/gen_axilite.gen_b2s_conv.axilite_b2s/WR.b_channel_0/bid_fifo_0/SR[0]                 |                2 |             16 |
|  apuf_parallel_uart_design_i/processing_system7_0/inst/FCLK_CLK0                                                               | apuf_parallel_uart_design_i/axi_uartlite_0/U0/AXI_LITE_IPIF_I/I_SLAVE_ATTACHMENT/I_DECODER/fifo_wr                                                                              |                                                                                                                                                             |                1 |             16 |
|  apuf_parallel_uart_design_i/processing_system7_0/inst/FCLK_CLK0                                                               | apuf_parallel_uart_design_i/axi_uartlite_0/U0/AXI_LITE_IPIF_I/I_SLAVE_ATTACHMENT/s_axi_rresp_i                                                                                  | apuf_parallel_uart_design_i/axi_uartlite_0/U0/AXI_LITE_IPIF_I/I_SLAVE_ATTACHMENT/rst                                                                        |                2 |             18 |
|  apuf_parallel_uart_design_i/processing_system7_0/inst/FCLK_CLK0                                                               | apuf_parallel_uart_design_i/uart_rx_0/inst/u_uart_rx/rx_clk_counter_next                                                                                                        | apuf_parallel_uart_design_i/uart_rx_0/inst/u_uart_rx/rx_dv_ff_i_1_n_0                                                                                       |                3 |             18 |
|  apuf_parallel_uart_design_i/processing_system7_0/inst/FCLK_CLK0                                                               | apuf_parallel_uart_design_i/ps7_0_axi_periph/s00_couplers/auto_pc/inst/gen_axilite.gen_b2s_conv.axilite_b2s/RD.r_channel_0/rd_data_fifo_0/wr_en0                                |                                                                                                                                                             |                3 |             18 |
|  apuf_parallel_uart_design_i/processing_system7_0/inst/FCLK_CLK0                                                               |                                                                                                                                                                                 | apuf_parallel_uart_design_i/axi_uartlite_0/U0/AXI_LITE_IPIF_I/I_SLAVE_ATTACHMENT/rst                                                                        |                3 |             20 |
|  apuf_parallel_uart_design_i/processing_system7_0/inst/FCLK_CLK0                                                               |                                                                                                                                                                                 | apuf_parallel_uart_design_i/uart_rx_0/inst/u_uart_rx/rx_dv_ff_i_1_n_0                                                                                       |                6 |             24 |
|  apuf_parallel_uart_design_i/processing_system7_0/inst/FCLK_CLK0                                                               | apuf_parallel_uart_design_i/ps7_0_axi_periph/s00_couplers/auto_pc/inst/gen_axilite.gen_b2s_conv.axilite_b2s/RD.ar_channel_0/ar_cmd_fsm_0/E[0]                                   |                                                                                                                                                             |                6 |             24 |
|  apuf_parallel_uart_design_i/processing_system7_0/inst/FCLK_CLK0                                                               | apuf_parallel_uart_design_i/ps7_0_axi_periph/s00_couplers/auto_pc/inst/gen_axilite.gen_b2s_conv.axilite_b2s/WR.aw_channel_0/aw_cmd_fsm_0/axaddr_wrap_reg[11][0]                 |                                                                                                                                                             |                6 |             24 |
|  apuf_parallel_uart_design_i/processing_system7_0/inst/FCLK_CLK0                                                               | apuf_parallel_uart_design_i/apuf_parallel_0/inst/u_apuf_parallel/cycles_counter_ff[12]_i_1_n_0                                                                                  | apuf_parallel_uart_design_i/apuf_parallel_0/inst/u_apuf_parallel/tx_data_ff[7]_i_1_n_0                                                                      |                5 |             26 |
|  apuf_parallel_uart_design_i/processing_system7_0/inst/FCLK_CLK0                                                               | apuf_parallel_uart_design_i/ps7_0_axi_periph/s00_couplers/auto_pc/inst/gen_axilite.gen_b2s_conv.axilite_b2s/RD.r_channel_0/r_push_r                                             |                                                                                                                                                             |                4 |             26 |
|  apuf_parallel_uart_design_i/processing_system7_0/inst/FCLK_CLK0                                                               | apuf_parallel_uart_design_i/ps7_0_axi_periph/s00_couplers/auto_pc/inst/gen_axilite.gen_b2s_conv.axilite_b2s/SI_REG/b.b_pipe/p_1_in                                              |                                                                                                                                                             |                3 |             28 |
|  apuf_parallel_uart_design_i/processing_system7_0/inst/FCLK_CLK0                                                               | apuf_parallel_uart_design_i/ps7_0_axi_periph/s00_couplers/auto_pc/inst/gen_axilite.gen_b2s_conv.axilite_b2s/SI_REG/b.b_pipe/skid_buffer_reg[0]_0                                |                                                                                                                                                             |                3 |             28 |
|  apuf_parallel_uart_design_i/processing_system7_0/inst/FCLK_CLK0                                                               |                                                                                                                                                                                 | apuf_parallel_uart_design_i/uart_tx_0/inst/u_uart_tx/tx_serial_ff_i_1_n_0                                                                                   |                6 |             32 |
|  apuf_parallel_uart_design_i/processing_system7_0/inst/FCLK_CLK0                                                               | apuf_parallel_uart_design_i/ps7_0_axi_periph/s00_couplers/auto_pc/inst/gen_axilite.gen_b2s_conv.axilite_b2s/WR.aw_channel_0/aw_cmd_fsm_0/b_push                                 |                                                                                                                                                             |                3 |             32 |
|  apuf_parallel_uart_design_i/processing_system7_0/inst/FCLK_CLK0                                                               | apuf_parallel_uart_design_i/ps7_0_axi_periph/s00_couplers/auto_pc/inst/gen_axilite.gen_b2s_conv.axilite_b2s/SI_REG/r.r_pipe/p_1_in                                              |                                                                                                                                                             |                4 |             44 |
|  apuf_parallel_uart_design_i/processing_system7_0/inst/FCLK_CLK0                                                               | apuf_parallel_uart_design_i/ps7_0_axi_periph/s00_couplers/auto_pc/inst/gen_axilite.gen_b2s_conv.axilite_b2s/SI_REG/r.r_pipe/skid_buffer_reg[0]_0                                |                                                                                                                                                             |                4 |             44 |
|  apuf_parallel_uart_design_i/processing_system7_0/inst/FCLK_CLK0                                                               |                                                                                                                                                                                 | apuf_parallel_uart_design_i/axi_uartlite_0/U0/UARTLITE_CORE_I/UARTLITE_RX_I/SR[0]                                                                           |                9 |             50 |
|  apuf_parallel_uart_design_i/processing_system7_0/inst/FCLK_CLK0                                                               | apuf_parallel_uart_design_i/ps7_0_axi_periph/s00_couplers/auto_pc/inst/gen_axilite.gen_b2s_conv.axilite_b2s/RD.ar_channel_0/ar_cmd_fsm_0/m_payload_i_reg[0]_1[0]                |                                                                                                                                                             |                6 |             54 |
|  apuf_parallel_uart_design_i/processing_system7_0/inst/FCLK_CLK0                                                               | apuf_parallel_uart_design_i/ps7_0_axi_periph/s00_couplers/auto_pc/inst/gen_axilite.gen_b2s_conv.axilite_b2s/WR.aw_channel_0/aw_cmd_fsm_0/m_payload_i_reg[0][0]                  |                                                                                                                                                             |                5 |             54 |
|  apuf_parallel_uart_design_i/processing_system7_0/inst/FCLK_CLK0                                                               | apuf_parallel_uart_design_i/ps7_0_axi_periph/s00_couplers/auto_pc/inst/gen_axilite.gen_b2s_conv.axilite_b2s/SI_REG/aw.aw_pipe/s_axi_awready                                     |                                                                                                                                                             |                5 |             54 |
|  apuf_parallel_uart_design_i/processing_system7_0/inst/FCLK_CLK0                                                               | apuf_parallel_uart_design_i/ps7_0_axi_periph/s00_couplers/auto_pc/inst/gen_axilite.gen_b2s_conv.axilite_b2s/SI_REG/ar.ar_pipe/s_axi_arready                                     |                                                                                                                                                             |                6 |             54 |
|  apuf_parallel_uart_design_i/processing_system7_0/inst/FCLK_CLK0                                                               | apuf_parallel_uart_design_i/apuf_parallel_0/inst/u_apuf_parallel/data_counter_ff[27]_i_1_n_0                                                                                    | apuf_parallel_uart_design_i/apuf_parallel_0/inst/u_apuf_parallel/tx_data_ff[7]_i_1_n_0                                                                      |               12 |             56 |
|  apuf_parallel_uart_design_i/processing_system7_0/inst/FCLK_CLK0                                                               | apuf_parallel_uart_design_i/axi_uartlite_0/U0/UARTLITE_CORE_I/BAUD_RATE_I/en_16x_Baud                                                                                           | apuf_parallel_uart_design_i/axi_uartlite_0/U0/UARTLITE_CORE_I/UARTLITE_RX_I/SR[0]                                                                           |                5 |             56 |
|  apuf_parallel_uart_design_i/processing_system7_0/inst/FCLK_CLK0                                                               |                                                                                                                                                                                 | apuf_parallel_uart_design_i/ps7_0_axi_periph/s00_couplers/auto_pc/inst/gen_axilite.gen_b2s_conv.axilite_b2s/areset_d1                                       |               14 |            110 |
|  apuf_parallel_uart_design_i/processing_system7_0/inst/FCLK_CLK0                                                               | apuf_parallel_uart_design_i/apuf_parallel_0/inst/u_apuf_parallel/lfsr_inst_0/E[0]                                                                                               | apuf_parallel_uart_design_i/apuf_parallel_0/inst/u_apuf_parallel/lfsr_inst_0/q_ff[127]_i_1_n_0                                                              |               67 |            256 |
|  apuf_parallel_uart_design_i/processing_system7_0/inst/FCLK_CLK0                                                               |                                                                                                                                                                                 |                                                                                                                                                             |               46 |            262 |
+--------------------------------------------------------------------------------------------------------------------------------+---------------------------------------------------------------------------------------------------------------------------------------------------------------------------------+-------------------------------------------------------------------------------------------------------------------------------------------------------------+------------------+----------------+


