
*** Running vivado
    with args -log apuf_parallel_uart_design_wrapper.vdi -applog -m64 -product Vivado -messageDb vivado.pb -mode batch -source apuf_parallel_uart_design_wrapper.tcl -notrace


****** Vivado v2018.2 (64-bit)
  **** SW Build 2258646 on Thu Jun 14 20:03:12 MDT 2018
  **** IP Build 2256618 on Thu Jun 14 22:10:49 MDT 2018
    ** Copyright 1986-2018 Xilinx, Inc. All Rights Reserved.

source apuf_parallel_uart_design_wrapper.tcl -notrace
INFO: [IP_Flow 19-234] Refreshing IP repositories
INFO: [IP_Flow 19-1700] Loaded user IP repository 'd:/WorkSpace/HDL/yadro_practice/ip'.
INFO: [IP_Flow 19-2313] Loaded Vivado IP repository 'D:/Programs/Xilinx/Vivado/2018.2/data/ip'.
Command: link_design -top apuf_parallel_uart_design_wrapper -part xc7z010clg400-1
Design is defaulting to srcset: sources_1
Design is defaulting to constrset: constrs_1
INFO: [Project 1-454] Reading design checkpoint 'd:/WorkSpace/HDL/yadro_practice/project/apuf_parallel_uart_v1.0/apuf_parallel_uart_v1.0.srcs/sources_1/bd/apuf_parallel_uart_design/ip/apuf_parallel_uart_design_apuf_parallel_0_0/apuf_parallel_uart_design_apuf_parallel_0_0.dcp' for cell 'apuf_parallel_uart_design_i/apuf_parallel_0'
INFO: [Project 1-454] Reading design checkpoint 'd:/WorkSpace/HDL/yadro_practice/project/apuf_parallel_uart_v1.0/apuf_parallel_uart_v1.0.srcs/sources_1/bd/apuf_parallel_uart_design/ip/apuf_parallel_uart_design_axi_uartlite_0_0/apuf_parallel_uart_design_axi_uartlite_0_0.dcp' for cell 'apuf_parallel_uart_design_i/axi_uartlite_0'
INFO: [Project 1-454] Reading design checkpoint 'd:/WorkSpace/HDL/yadro_practice/project/apuf_parallel_uart_v1.0/apuf_parallel_uart_v1.0.srcs/sources_1/bd/apuf_parallel_uart_design/ip/apuf_parallel_uart_design_processing_system7_0_0/apuf_parallel_uart_design_processing_system7_0_0.dcp' for cell 'apuf_parallel_uart_design_i/processing_system7_0'
INFO: [Project 1-454] Reading design checkpoint 'd:/WorkSpace/HDL/yadro_practice/project/apuf_parallel_uart_v1.0/apuf_parallel_uart_v1.0.srcs/sources_1/bd/apuf_parallel_uart_design/ip/apuf_parallel_uart_design_rst_ps7_0_50M_0/apuf_parallel_uart_design_rst_ps7_0_50M_0.dcp' for cell 'apuf_parallel_uart_design_i/rst_ps7_0_50M'
INFO: [Project 1-454] Reading design checkpoint 'd:/WorkSpace/HDL/yadro_practice/project/apuf_parallel_uart_v1.0/apuf_parallel_uart_v1.0.srcs/sources_1/bd/apuf_parallel_uart_design/ip/apuf_parallel_uart_design_uart_rx_0_0/apuf_parallel_uart_design_uart_rx_0_0.dcp' for cell 'apuf_parallel_uart_design_i/uart_rx_0'
INFO: [Project 1-454] Reading design checkpoint 'd:/WorkSpace/HDL/yadro_practice/project/apuf_parallel_uart_v1.0/apuf_parallel_uart_v1.0.srcs/sources_1/bd/apuf_parallel_uart_design/ip/apuf_parallel_uart_design_uart_tx_0_0/apuf_parallel_uart_design_uart_tx_0_0.dcp' for cell 'apuf_parallel_uart_design_i/uart_tx_0'
INFO: [Project 1-454] Reading design checkpoint 'd:/WorkSpace/HDL/yadro_practice/project/apuf_parallel_uart_v1.0/apuf_parallel_uart_v1.0.srcs/sources_1/bd/apuf_parallel_uart_design/ip/apuf_parallel_uart_design_auto_pc_0/apuf_parallel_uart_design_auto_pc_0.dcp' for cell 'apuf_parallel_uart_design_i/ps7_0_axi_periph/s00_couplers/auto_pc'
INFO: [Netlist 29-17] Analyzing 29 Unisim elements for replacement
INFO: [Netlist 29-28] Unisim Transformation completed in 0 CPU seconds
INFO: [Project 1-479] Netlist was created with Vivado 2018.2
INFO: [Device 21-403] Loading part xc7z010clg400-1
INFO: [Project 1-570] Preparing netlist for logic optimization
Parsing XDC File [d:/WorkSpace/HDL/yadro_practice/project/apuf_parallel_uart_v1.0/apuf_parallel_uart_v1.0.srcs/sources_1/bd/apuf_parallel_uart_design/ip/apuf_parallel_uart_design_processing_system7_0_0/apuf_parallel_uart_design_processing_system7_0_0.xdc] for cell 'apuf_parallel_uart_design_i/processing_system7_0/inst'
Finished Parsing XDC File [d:/WorkSpace/HDL/yadro_practice/project/apuf_parallel_uart_v1.0/apuf_parallel_uart_v1.0.srcs/sources_1/bd/apuf_parallel_uart_design/ip/apuf_parallel_uart_design_processing_system7_0_0/apuf_parallel_uart_design_processing_system7_0_0.xdc] for cell 'apuf_parallel_uart_design_i/processing_system7_0/inst'
Parsing XDC File [d:/WorkSpace/HDL/yadro_practice/project/apuf_parallel_uart_v1.0/apuf_parallel_uart_v1.0.srcs/sources_1/bd/apuf_parallel_uart_design/ip/apuf_parallel_uart_design_axi_uartlite_0_0/apuf_parallel_uart_design_axi_uartlite_0_0_board.xdc] for cell 'apuf_parallel_uart_design_i/axi_uartlite_0/U0'
Finished Parsing XDC File [d:/WorkSpace/HDL/yadro_practice/project/apuf_parallel_uart_v1.0/apuf_parallel_uart_v1.0.srcs/sources_1/bd/apuf_parallel_uart_design/ip/apuf_parallel_uart_design_axi_uartlite_0_0/apuf_parallel_uart_design_axi_uartlite_0_0_board.xdc] for cell 'apuf_parallel_uart_design_i/axi_uartlite_0/U0'
Parsing XDC File [d:/WorkSpace/HDL/yadro_practice/project/apuf_parallel_uart_v1.0/apuf_parallel_uart_v1.0.srcs/sources_1/bd/apuf_parallel_uart_design/ip/apuf_parallel_uart_design_axi_uartlite_0_0/apuf_parallel_uart_design_axi_uartlite_0_0.xdc] for cell 'apuf_parallel_uart_design_i/axi_uartlite_0/U0'
Finished Parsing XDC File [d:/WorkSpace/HDL/yadro_practice/project/apuf_parallel_uart_v1.0/apuf_parallel_uart_v1.0.srcs/sources_1/bd/apuf_parallel_uart_design/ip/apuf_parallel_uart_design_axi_uartlite_0_0/apuf_parallel_uart_design_axi_uartlite_0_0.xdc] for cell 'apuf_parallel_uart_design_i/axi_uartlite_0/U0'
Parsing XDC File [d:/WorkSpace/HDL/yadro_practice/project/apuf_parallel_uart_v1.0/apuf_parallel_uart_v1.0.srcs/sources_1/bd/apuf_parallel_uart_design/ip/apuf_parallel_uart_design_rst_ps7_0_50M_0/apuf_parallel_uart_design_rst_ps7_0_50M_0_board.xdc] for cell 'apuf_parallel_uart_design_i/rst_ps7_0_50M/U0'
Finished Parsing XDC File [d:/WorkSpace/HDL/yadro_practice/project/apuf_parallel_uart_v1.0/apuf_parallel_uart_v1.0.srcs/sources_1/bd/apuf_parallel_uart_design/ip/apuf_parallel_uart_design_rst_ps7_0_50M_0/apuf_parallel_uart_design_rst_ps7_0_50M_0_board.xdc] for cell 'apuf_parallel_uart_design_i/rst_ps7_0_50M/U0'
Parsing XDC File [d:/WorkSpace/HDL/yadro_practice/project/apuf_parallel_uart_v1.0/apuf_parallel_uart_v1.0.srcs/sources_1/bd/apuf_parallel_uart_design/ip/apuf_parallel_uart_design_rst_ps7_0_50M_0/apuf_parallel_uart_design_rst_ps7_0_50M_0.xdc] for cell 'apuf_parallel_uart_design_i/rst_ps7_0_50M/U0'
Finished Parsing XDC File [d:/WorkSpace/HDL/yadro_practice/project/apuf_parallel_uart_v1.0/apuf_parallel_uart_v1.0.srcs/sources_1/bd/apuf_parallel_uart_design/ip/apuf_parallel_uart_design_rst_ps7_0_50M_0/apuf_parallel_uart_design_rst_ps7_0_50M_0.xdc] for cell 'apuf_parallel_uart_design_i/rst_ps7_0_50M/U0'
Parsing XDC File [D:/WorkSpace/HDL/yadro_practice/project/apuf_parallel_uart_v1.0/apuf_parallel_uart_v1.0.srcs/constrs_1/imports/constr/zybo_z7_10_master.xdc]
Finished Parsing XDC File [D:/WorkSpace/HDL/yadro_practice/project/apuf_parallel_uart_v1.0/apuf_parallel_uart_v1.0.srcs/constrs_1/imports/constr/zybo_z7_10_master.xdc]
INFO: [Opt 31-138] Pushed 0 inverter(s) to 0 load pin(s).
INFO: [Project 1-111] Unisim Transformation Summary:
No Unisim elements were transformed.

17 Infos, 0 Warnings, 0 Critical Warnings and 0 Errors encountered.
link_design completed successfully
link_design: Time (s): cpu = 00:00:07 ; elapsed = 00:00:12 . Memory (MB): peak = 738.348 ; gain = 362.617
Command: opt_design
Attempting to get a license for feature 'Implementation' and/or device 'xc7z010'
INFO: [Common 17-349] Got license for feature 'Implementation' and/or device 'xc7z010'
Running DRC as a precondition to command opt_design

Starting DRC Task
INFO: [DRC 23-27] Running DRC with 2 threads
INFO: [Project 1-461] DRC finished with 0 Errors
INFO: [Project 1-462] Please refer to the DRC report (report_drc) for more information.

Time (s): cpu = 00:00:00 ; elapsed = 00:00:00.547 . Memory (MB): peak = 745.477 ; gain = 7.129

Starting Cache Timing Information Task
INFO: [Timing 38-35] Done setting XDC timing constraints.
Ending Cache Timing Information Task | Checksum: 20c974ef4

Time (s): cpu = 00:00:08 ; elapsed = 00:00:10 . Memory (MB): peak = 1290.691 ; gain = 544.988

Starting Logic Optimization Task

Phase 1 Retarget
INFO: [Opt 31-138] Pushed 0 inverter(s) to 0 load pin(s).
INFO: [Opt 31-49] Retargeted 0 cell(s).
Phase 1 Retarget | Checksum: 251d25957

Time (s): cpu = 00:00:01 ; elapsed = 00:00:00.340 . Memory (MB): peak = 1290.691 ; gain = 0.000
INFO: [Opt 31-389] Phase Retarget created 0 cells and removed 0 cells

Phase 2 Constant propagation
INFO: [Opt 31-138] Pushed 0 inverter(s) to 0 load pin(s).
Phase 2 Constant propagation | Checksum: 16f1791d7

Time (s): cpu = 00:00:01 ; elapsed = 00:00:00.430 . Memory (MB): peak = 1290.691 ; gain = 0.000
INFO: [Opt 31-389] Phase Constant propagation created 0 cells and removed 100 cells

Phase 3 Sweep
Phase 3 Sweep | Checksum: 2337d53c7

Time (s): cpu = 00:00:01 ; elapsed = 00:00:00.757 . Memory (MB): peak = 1290.691 ; gain = 0.000
INFO: [Opt 31-389] Phase Sweep created 0 cells and removed 402 cells

Phase 4 BUFG optimization
Phase 4 BUFG optimization | Checksum: 2337d53c7

Time (s): cpu = 00:00:01 ; elapsed = 00:00:00.855 . Memory (MB): peak = 1290.691 ; gain = 0.000
INFO: [Opt 31-662] Phase BUFG optimization created 0 cells of which 0 are BUFGs and removed 0 cells.

Phase 5 Shift Register Optimization
Phase 5 Shift Register Optimization | Checksum: 18bf04eb7

Time (s): cpu = 00:00:01 ; elapsed = 00:00:01 . Memory (MB): peak = 1290.691 ; gain = 0.000
INFO: [Opt 31-389] Phase Shift Register Optimization created 0 cells and removed 0 cells

Phase 6 Post Processing Netlist
Phase 6 Post Processing Netlist | Checksum: 18bf04eb7

Time (s): cpu = 00:00:01 ; elapsed = 00:00:01 . Memory (MB): peak = 1290.691 ; gain = 0.000
INFO: [Opt 31-389] Phase Post Processing Netlist created 0 cells and removed 0 cells

Starting Connectivity Check Task

Time (s): cpu = 00:00:00 ; elapsed = 00:00:00.013 . Memory (MB): peak = 1290.691 ; gain = 0.000
Ending Logic Optimization Task | Checksum: 18bf04eb7

Time (s): cpu = 00:00:01 ; elapsed = 00:00:01 . Memory (MB): peak = 1290.691 ; gain = 0.000

Starting Power Optimization Task
INFO: [Pwropt 34-132] Skipping clock gating for clocks with a period < 2.00 ns.
Ending Power Optimization Task | Checksum: 18bf04eb7

Time (s): cpu = 00:00:01 ; elapsed = 00:00:00.022 . Memory (MB): peak = 1290.691 ; gain = 0.000

Starting Final Cleanup Task
Ending Final Cleanup Task | Checksum: 18bf04eb7

Time (s): cpu = 00:00:00 ; elapsed = 00:00:00 . Memory (MB): peak = 1290.691 ; gain = 0.000
INFO: [Common 17-83] Releasing license: Implementation
33 Infos, 0 Warnings, 0 Critical Warnings and 0 Errors encountered.
opt_design completed successfully
opt_design: Time (s): cpu = 00:00:10 ; elapsed = 00:00:12 . Memory (MB): peak = 1290.691 ; gain = 552.344
INFO: [Timing 38-480] Writing timing data to binary archive.
Writing placer database...
Writing XDEF routing.
Writing XDEF routing logical nets.
Writing XDEF routing special nets.
Write XDEF Complete: Time (s): cpu = 00:00:00 ; elapsed = 00:00:00.057 . Memory (MB): peak = 1290.691 ; gain = 0.000
INFO: [Common 17-1381] The checkpoint 'D:/WorkSpace/HDL/yadro_practice/project/apuf_parallel_uart_v1.0/apuf_parallel_uart_v1.0.runs/impl_1/apuf_parallel_uart_design_wrapper_opt.dcp' has been generated.
INFO: [runtcl-4] Executing : report_drc -file apuf_parallel_uart_design_wrapper_drc_opted.rpt -pb apuf_parallel_uart_design_wrapper_drc_opted.pb -rpx apuf_parallel_uart_design_wrapper_drc_opted.rpx
Command: report_drc -file apuf_parallel_uart_design_wrapper_drc_opted.rpt -pb apuf_parallel_uart_design_wrapper_drc_opted.pb -rpx apuf_parallel_uart_design_wrapper_drc_opted.rpx
INFO: [DRC 23-27] Running DRC with 2 threads
INFO: [Coretcl 2-168] The results of DRC are in file D:/WorkSpace/HDL/yadro_practice/project/apuf_parallel_uart_v1.0/apuf_parallel_uart_v1.0.runs/impl_1/apuf_parallel_uart_design_wrapper_drc_opted.rpt.
report_drc completed successfully
Command: place_design
Attempting to get a license for feature 'Implementation' and/or device 'xc7z010'
INFO: [Common 17-349] Got license for feature 'Implementation' and/or device 'xc7z010'
INFO: [DRC 23-27] Running DRC with 2 threads
INFO: [Vivado_Tcl 4-198] DRC finished with 0 Errors
INFO: [Vivado_Tcl 4-199] Please refer to the DRC report (report_drc) for more information.
Running DRC as a precondition to command place_design
INFO: [DRC 23-27] Running DRC with 2 threads
INFO: [Vivado_Tcl 4-198] DRC finished with 0 Errors
INFO: [Vivado_Tcl 4-199] Please refer to the DRC report (report_drc) for more information.

Starting Placer Task
INFO: [Place 30-611] Multithreading enabled for place_design using a maximum of 2 CPUs

Phase 1 Placer Initialization

Phase 1.1 Placer Initialization Netlist Sorting
Netlist sorting complete. Time (s): cpu = 00:00:01 ; elapsed = 00:00:00.017 . Memory (MB): peak = 1290.691 ; gain = 0.000
Phase 1.1 Placer Initialization Netlist Sorting | Checksum: 18a5d9e1f

Time (s): cpu = 00:00:01 ; elapsed = 00:00:00.024 . Memory (MB): peak = 1290.691 ; gain = 0.000
Netlist sorting complete. Time (s): cpu = 00:00:00 ; elapsed = 00:00:00.015 . Memory (MB): peak = 1290.691 ; gain = 0.000

Phase 1.2 IO Placement/ Clock Placement/ Build Placer Device
WARNING: [Place 30-568] A LUT 'apuf_parallel_uart_design_i/apuf_parallel_0/inst/u_apuf_parallel/genblk1[3].apuf_path_i_inst_0/genblk1[127].mux2x1_i_inst_1/q_INST_0' is driving clock pin of 1 registers. This could lead to large hold time violations. First few involved registers are:
	apuf_parallel_uart_design_i/apuf_parallel_0/inst/u_apuf_parallel/genblk1[3].apuf_path_i_inst_0/d_ff_inst_0/q_ff_reg {FDRE}
WARNING: [Place 30-568] A LUT 'apuf_parallel_uart_design_i/apuf_parallel_0/inst/u_apuf_parallel/genblk1[4].apuf_path_i_inst_0/genblk1[127].mux2x1_i_inst_1/q_INST_0' is driving clock pin of 1 registers. This could lead to large hold time violations. First few involved registers are:
	apuf_parallel_uart_design_i/apuf_parallel_0/inst/u_apuf_parallel/genblk1[4].apuf_path_i_inst_0/d_ff_inst_0/q_ff_reg {FDRE}
WARNING: [Place 30-568] A LUT 'apuf_parallel_uart_design_i/apuf_parallel_0/inst/u_apuf_parallel/genblk1[2].apuf_path_i_inst_0/genblk1[127].mux2x1_i_inst_1/q_INST_0' is driving clock pin of 1 registers. This could lead to large hold time violations. First few involved registers are:
	apuf_parallel_uart_design_i/apuf_parallel_0/inst/u_apuf_parallel/genblk1[2].apuf_path_i_inst_0/d_ff_inst_0/q_ff_reg {FDRE}
WARNING: [Place 30-568] A LUT 'apuf_parallel_uart_design_i/apuf_parallel_0/inst/u_apuf_parallel/genblk1[5].apuf_path_i_inst_0/genblk1[127].mux2x1_i_inst_1/q_INST_0' is driving clock pin of 1 registers. This could lead to large hold time violations. First few involved registers are:
	apuf_parallel_uart_design_i/apuf_parallel_0/inst/u_apuf_parallel/genblk1[5].apuf_path_i_inst_0/d_ff_inst_0/q_ff_reg {FDRE}
WARNING: [Place 30-568] A LUT 'apuf_parallel_uart_design_i/apuf_parallel_0/inst/u_apuf_parallel/genblk1[0].apuf_path_i_inst_0/genblk1[127].mux2x1_i_inst_1/q_INST_0' is driving clock pin of 1 registers. This could lead to large hold time violations. First few involved registers are:
	apuf_parallel_uart_design_i/apuf_parallel_0/inst/u_apuf_parallel/genblk1[0].apuf_path_i_inst_0/d_ff_inst_0/q_ff_reg {FDRE}
WARNING: [Place 30-568] A LUT 'apuf_parallel_uart_design_i/apuf_parallel_0/inst/u_apuf_parallel/genblk1[1].apuf_path_i_inst_0/genblk1[127].mux2x1_i_inst_1/q_INST_0' is driving clock pin of 1 registers. This could lead to large hold time violations. First few involved registers are:
	apuf_parallel_uart_design_i/apuf_parallel_0/inst/u_apuf_parallel/genblk1[1].apuf_path_i_inst_0/d_ff_inst_0/q_ff_reg {FDRE}
WARNING: [Place 30-568] A LUT 'apuf_parallel_uart_design_i/apuf_parallel_0/inst/u_apuf_parallel/genblk1[6].apuf_path_i_inst_0/genblk1[127].mux2x1_i_inst_1/q_INST_0' is driving clock pin of 1 registers. This could lead to large hold time violations. First few involved registers are:
	apuf_parallel_uart_design_i/apuf_parallel_0/inst/u_apuf_parallel/genblk1[6].apuf_path_i_inst_0/d_ff_inst_0/q_ff_reg {FDRE}
WARNING: [Place 30-568] A LUT 'apuf_parallel_uart_design_i/apuf_parallel_0/inst/u_apuf_parallel/genblk1[7].apuf_path_i_inst_0/genblk1[127].mux2x1_i_inst_1/q_INST_0' is driving clock pin of 1 registers. This could lead to large hold time violations. First few involved registers are:
	apuf_parallel_uart_design_i/apuf_parallel_0/inst/u_apuf_parallel/genblk1[7].apuf_path_i_inst_0/d_ff_inst_0/q_ff_reg {FDRE}
INFO: [Timing 38-35] Done setting XDC timing constraints.
Phase 1.2 IO Placement/ Clock Placement/ Build Placer Device | Checksum: 13743b81e

Time (s): cpu = 00:00:02 ; elapsed = 00:00:02 . Memory (MB): peak = 1290.691 ; gain = 0.000

Phase 1.3 Build Placer Netlist Model
Phase 1.3 Build Placer Netlist Model | Checksum: 12a2cf6fa

Time (s): cpu = 00:00:03 ; elapsed = 00:00:02 . Memory (MB): peak = 1290.691 ; gain = 0.000

Phase 1.4 Constrain Clocks/Macros
Phase 1.4 Constrain Clocks/Macros | Checksum: 12a2cf6fa

Time (s): cpu = 00:00:03 ; elapsed = 00:00:02 . Memory (MB): peak = 1290.691 ; gain = 0.000
Phase 1 Placer Initialization | Checksum: 12a2cf6fa

Time (s): cpu = 00:00:03 ; elapsed = 00:00:02 . Memory (MB): peak = 1290.691 ; gain = 0.000

Phase 2 Global Placement

Phase 2.1 Floorplanning
Phase 2.1 Floorplanning | Checksum: cb8199f2

Time (s): cpu = 00:00:03 ; elapsed = 00:00:02 . Memory (MB): peak = 1290.691 ; gain = 0.000

Phase 2.2 Physical Synthesis In Placer
INFO: [Physopt 32-65] No nets found for high-fanout optimization.
INFO: [Physopt 32-232] Optimized 0 net. Created 0 new instance.
INFO: [Physopt 32-775] End 1 Pass. Optimized 0 net or cell. Created 0 new cell, deleted 0 existing cell and moved 0 existing cell
Netlist sorting complete. Time (s): cpu = 00:00:00 ; elapsed = 00:00:00.020 . Memory (MB): peak = 1290.691 ; gain = 0.000

Summary of Physical Synthesis Optimizations
============================================


-----------------------------------------------------------------------------------------------------------------------------
|  Optimization       |  Added Cells  |  Removed Cells  |  Optimized Cells/Nets  |  Dont Touch  |  Iterations  |  Elapsed   |
-----------------------------------------------------------------------------------------------------------------------------
|  Very High Fanout   |            0  |              0  |                     0  |           0  |           1  |  00:00:00  |
|  Total              |            0  |              0  |                     0  |           0  |           1  |  00:00:00  |
-----------------------------------------------------------------------------------------------------------------------------


Phase 2.2 Physical Synthesis In Placer | Checksum: a1711249

Time (s): cpu = 00:00:07 ; elapsed = 00:00:05 . Memory (MB): peak = 1290.691 ; gain = 0.000
Phase 2 Global Placement | Checksum: aab39d80

Time (s): cpu = 00:00:07 ; elapsed = 00:00:06 . Memory (MB): peak = 1290.691 ; gain = 0.000

Phase 3 Detail Placement

Phase 3.1 Commit Multi Column Macros
Phase 3.1 Commit Multi Column Macros | Checksum: aab39d80

Time (s): cpu = 00:00:07 ; elapsed = 00:00:06 . Memory (MB): peak = 1290.691 ; gain = 0.000

Phase 3.2 Commit Most Macros & LUTRAMs
Phase 3.2 Commit Most Macros & LUTRAMs | Checksum: 164138496

Time (s): cpu = 00:00:08 ; elapsed = 00:00:06 . Memory (MB): peak = 1290.691 ; gain = 0.000

Phase 3.3 Area Swap Optimization
Phase 3.3 Area Swap Optimization | Checksum: 162341825

Time (s): cpu = 00:00:08 ; elapsed = 00:00:06 . Memory (MB): peak = 1290.691 ; gain = 0.000

Phase 3.4 Pipeline Register Optimization
Phase 3.4 Pipeline Register Optimization | Checksum: e1175bc5

Time (s): cpu = 00:00:08 ; elapsed = 00:00:06 . Memory (MB): peak = 1290.691 ; gain = 0.000

Phase 3.5 Timing Path Optimizer
Phase 3.5 Timing Path Optimizer | Checksum: e1175bc5

Time (s): cpu = 00:00:08 ; elapsed = 00:00:06 . Memory (MB): peak = 1290.691 ; gain = 0.000

Phase 3.6 Fast Optimization
Phase 3.6 Fast Optimization | Checksum: 19cc2f652

Time (s): cpu = 00:00:10 ; elapsed = 00:00:11 . Memory (MB): peak = 1290.691 ; gain = 0.000

Phase 3.7 Small Shape Detail Placement
Phase 3.7 Small Shape Detail Placement | Checksum: 108f327f1

Time (s): cpu = 00:00:11 ; elapsed = 00:00:12 . Memory (MB): peak = 1290.691 ; gain = 0.000

Phase 3.8 Re-assign LUT pins
Phase 3.8 Re-assign LUT pins | Checksum: 10b64917f

Time (s): cpu = 00:00:11 ; elapsed = 00:00:12 . Memory (MB): peak = 1290.691 ; gain = 0.000

Phase 3.9 Pipeline Register Optimization
Phase 3.9 Pipeline Register Optimization | Checksum: 10b64917f

Time (s): cpu = 00:00:11 ; elapsed = 00:00:12 . Memory (MB): peak = 1290.691 ; gain = 0.000

Phase 3.10 Fast Optimization
Phase 3.10 Fast Optimization | Checksum: 10b64917f

Time (s): cpu = 00:00:15 ; elapsed = 00:00:17 . Memory (MB): peak = 1290.691 ; gain = 0.000
Phase 3 Detail Placement | Checksum: 10b64917f

Time (s): cpu = 00:00:15 ; elapsed = 00:00:17 . Memory (MB): peak = 1290.691 ; gain = 0.000

Phase 4 Post Placement Optimization and Clean-Up

Phase 4.1 Post Commit Optimization
INFO: [Timing 38-35] Done setting XDC timing constraints.

Phase 4.1.1 Post Placement Optimization
Post Placement Optimization Initialization | Checksum: 18a8b4d09

Phase 4.1.1.1 BUFG Insertion
INFO: [Place 46-31] BUFG insertion identified 0 candidate nets, 0 success, 0 skipped for placement/routing, 0 skipped for timing, 0 skipped for netlist change reason.
Phase 4.1.1.1 BUFG Insertion | Checksum: 18a8b4d09

Time (s): cpu = 00:00:16 ; elapsed = 00:00:18 . Memory (MB): peak = 1305.699 ; gain = 15.008
INFO: [Place 30-746] Post Placement Timing Summary WNS=-69.602. For the most accurate timing information please run report_timing.
Phase 4.1.1 Post Placement Optimization | Checksum: dab00e0e

Time (s): cpu = 00:00:38 ; elapsed = 00:00:43 . Memory (MB): peak = 1306.121 ; gain = 15.430
Phase 4.1 Post Commit Optimization | Checksum: dab00e0e

Time (s): cpu = 00:00:38 ; elapsed = 00:00:43 . Memory (MB): peak = 1306.121 ; gain = 15.430

Phase 4.2 Post Placement Cleanup
Phase 4.2 Post Placement Cleanup | Checksum: dab00e0e

Time (s): cpu = 00:00:38 ; elapsed = 00:00:43 . Memory (MB): peak = 1306.121 ; gain = 15.430

Phase 4.3 Placer Reporting
Phase 4.3 Placer Reporting | Checksum: dab00e0e

Time (s): cpu = 00:00:38 ; elapsed = 00:00:43 . Memory (MB): peak = 1306.121 ; gain = 15.430

Phase 4.4 Final Placement Cleanup
Phase 4.4 Final Placement Cleanup | Checksum: 100086b06

Time (s): cpu = 00:00:38 ; elapsed = 00:00:43 . Memory (MB): peak = 1306.121 ; gain = 15.430
Phase 4 Post Placement Optimization and Clean-Up | Checksum: 100086b06

Time (s): cpu = 00:00:38 ; elapsed = 00:00:43 . Memory (MB): peak = 1306.121 ; gain = 15.430
Ending Placer Task | Checksum: c4d9a0a3

Time (s): cpu = 00:00:38 ; elapsed = 00:00:43 . Memory (MB): peak = 1306.121 ; gain = 15.430
INFO: [Common 17-83] Releasing license: Implementation
54 Infos, 8 Warnings, 0 Critical Warnings and 0 Errors encountered.
place_design completed successfully
place_design: Time (s): cpu = 00:00:39 ; elapsed = 00:00:45 . Memory (MB): peak = 1306.121 ; gain = 15.430
INFO: [Timing 38-480] Writing timing data to binary archive.
Writing placer database...
Writing XDEF routing.
Writing XDEF routing logical nets.
Writing XDEF routing special nets.
Write XDEF Complete: Time (s): cpu = 00:00:01 ; elapsed = 00:00:00.411 . Memory (MB): peak = 1316.633 ; gain = 10.512
INFO: [Common 17-1381] The checkpoint 'D:/WorkSpace/HDL/yadro_practice/project/apuf_parallel_uart_v1.0/apuf_parallel_uart_v1.0.runs/impl_1/apuf_parallel_uart_design_wrapper_placed.dcp' has been generated.
INFO: [runtcl-4] Executing : report_io -file apuf_parallel_uart_design_wrapper_io_placed.rpt
report_io: Time (s): cpu = 00:00:00 ; elapsed = 00:00:00.051 . Memory (MB): peak = 1316.633 ; gain = 0.000
INFO: [runtcl-4] Executing : report_utilization -file apuf_parallel_uart_design_wrapper_utilization_placed.rpt -pb apuf_parallel_uart_design_wrapper_utilization_placed.pb
report_utilization: Time (s): cpu = 00:00:00 ; elapsed = 00:00:00.038 . Memory (MB): peak = 1316.633 ; gain = 0.000
INFO: [runtcl-4] Executing : report_control_sets -verbose -file apuf_parallel_uart_design_wrapper_control_sets_placed.rpt
report_control_sets: Time (s): cpu = 00:00:00 ; elapsed = 00:00:00.010 . Memory (MB): peak = 1316.633 ; gain = 0.000
Command: route_design
Attempting to get a license for feature 'Implementation' and/or device 'xc7z010'
INFO: [Common 17-349] Got license for feature 'Implementation' and/or device 'xc7z010'
Running DRC as a precondition to command route_design
INFO: [DRC 23-27] Running DRC with 2 threads
INFO: [Vivado_Tcl 4-198] DRC finished with 0 Errors
INFO: [Vivado_Tcl 4-199] Please refer to the DRC report (report_drc) for more information.


Starting Routing Task
INFO: [Route 35-254] Multithreading enabled for route_design using a maximum of 2 CPUs
Checksum: PlaceDB: 83be21aa ConstDB: 0 ShapeSum: 411b7ef9 RouteDB: 0

Phase 1 Build RT Design
Phase 1 Build RT Design | Checksum: 85bbb79c

Time (s): cpu = 00:00:11 ; elapsed = 00:00:09 . Memory (MB): peak = 1372.355 ; gain = 55.723
Post Restoration Checksum: NetGraph: 7080db9e NumContArr: 153adbfe Constraints: 0 Timing: 0

Phase 2 Router Initialization

Phase 2.1 Create Timer
Phase 2.1 Create Timer | Checksum: 85bbb79c

Time (s): cpu = 00:00:11 ; elapsed = 00:00:09 . Memory (MB): peak = 1372.379 ; gain = 55.746

Phase 2.2 Fix Topology Constraints
Phase 2.2 Fix Topology Constraints | Checksum: 85bbb79c

Time (s): cpu = 00:00:11 ; elapsed = 00:00:09 . Memory (MB): peak = 1378.395 ; gain = 61.762

Phase 2.3 Pre Route Cleanup
Phase 2.3 Pre Route Cleanup | Checksum: 85bbb79c

Time (s): cpu = 00:00:11 ; elapsed = 00:00:09 . Memory (MB): peak = 1378.395 ; gain = 61.762
 Number of Nodes with overlaps = 0

Phase 2.4 Update Timing
Phase 2.4 Update Timing | Checksum: 1f2abb7e3

Time (s): cpu = 00:00:12 ; elapsed = 00:00:10 . Memory (MB): peak = 1385.859 ; gain = 69.227
INFO: [Route 35-416] Intermediate Timing Summary | WNS=-68.834| TNS=-747.058| WHS=-40.501| THS=-335.357|

Phase 2 Router Initialization | Checksum: 26163838e

Time (s): cpu = 00:00:13 ; elapsed = 00:00:11 . Memory (MB): peak = 1391.137 ; gain = 74.504

Phase 3 Initial Routing
Phase 3 Initial Routing | Checksum: 1607c2bde

Time (s): cpu = 00:00:13 ; elapsed = 00:00:11 . Memory (MB): peak = 1391.137 ; gain = 74.504

Phase 4 Rip-up And Reroute

Phase 4.1 Global Iteration 0
 Number of Nodes with overlaps = 761
 Number of Nodes with overlaps = 92
 Number of Nodes with overlaps = 20
 Number of Nodes with overlaps = 8
 Number of Nodes with overlaps = 4
 Number of Nodes with overlaps = 0
INFO: [Route 35-416] Intermediate Timing Summary | WNS=-70.591| TNS=-761.796| WHS=N/A    | THS=N/A    |

Phase 4.1 Global Iteration 0 | Checksum: a8daafb0

Time (s): cpu = 00:00:17 ; elapsed = 00:00:13 . Memory (MB): peak = 1391.137 ; gain = 74.504

Phase 4.2 Global Iteration 1
 Number of Nodes with overlaps = 613
 Number of Nodes with overlaps = 181
 Number of Nodes with overlaps = 20
 Number of Nodes with overlaps = 2
 Number of Nodes with overlaps = 0
INFO: [Route 35-416] Intermediate Timing Summary | WNS=-70.651| TNS=-738.014| WHS=N/A    | THS=N/A    |

Phase 4.2 Global Iteration 1 | Checksum: 197cd765e

Time (s): cpu = 00:00:19 ; elapsed = 00:00:14 . Memory (MB): peak = 1391.137 ; gain = 74.504
Phase 4 Rip-up And Reroute | Checksum: 197cd765e

Time (s): cpu = 00:00:19 ; elapsed = 00:00:15 . Memory (MB): peak = 1391.137 ; gain = 74.504

Phase 5 Delay and Skew Optimization

Phase 5.1 Delay CleanUp

Phase 5.1.1 Update Timing
Phase 5.1.1 Update Timing | Checksum: 11710b8da

Time (s): cpu = 00:00:20 ; elapsed = 00:00:15 . Memory (MB): peak = 1391.137 ; gain = 74.504
INFO: [Route 35-416] Intermediate Timing Summary | WNS=-70.591| TNS=-761.796| WHS=N/A    | THS=N/A    |

 Number of Nodes with overlaps = 0
Phase 5.1 Delay CleanUp | Checksum: cac4c826

Time (s): cpu = 00:00:20 ; elapsed = 00:00:15 . Memory (MB): peak = 1391.137 ; gain = 74.504

Phase 5.2 Clock Skew Optimization
Phase 5.2 Clock Skew Optimization | Checksum: cac4c826

Time (s): cpu = 00:00:20 ; elapsed = 00:00:15 . Memory (MB): peak = 1391.137 ; gain = 74.504
Phase 5 Delay and Skew Optimization | Checksum: cac4c826

Time (s): cpu = 00:00:20 ; elapsed = 00:00:15 . Memory (MB): peak = 1391.137 ; gain = 74.504

Phase 6 Post Hold Fix

Phase 6.1 Hold Fix Iter

Phase 6.1.1 Update Timing
Phase 6.1.1 Update Timing | Checksum: e85ffc2b

Time (s): cpu = 00:00:21 ; elapsed = 00:00:15 . Memory (MB): peak = 1391.137 ; gain = 74.504
INFO: [Route 35-416] Intermediate Timing Summary | WNS=-69.689| TNS=-740.694| WHS=-87.093| THS=-677.292|


Phase 6.1.2 Lut RouteThru Assignment for hold
Phase 6.1.2 Lut RouteThru Assignment for hold | Checksum: 17bf69839

Time (s): cpu = 00:11:39 ; elapsed = 00:06:40 . Memory (MB): peak = 1585.383 ; gain = 268.750
Phase 6.1 Hold Fix Iter | Checksum: 17bf69839

Time (s): cpu = 00:11:39 ; elapsed = 00:06:40 . Memory (MB): peak = 1585.383 ; gain = 268.750

Phase 6.2 Additional Hold Fix
INFO: [Route 35-416] Intermediate Timing Summary | WNS=-107.950| TNS=-1255.202| WHS=-125.125| THS=-970.260|

Phase 6.2 Additional Hold Fix | Checksum: 220c3621c

Time (s): cpu = 00:16:10 ; elapsed = 00:09:07 . Memory (MB): peak = 1681.426 ; gain = 364.793
 Number of Nodes with overlaps = 3
 Number of Nodes with overlaps = 0
WARNING: [Route 35-468] The router encountered 1349 pins that are both setup-critical and hold-critical and tried to fix hold violations at the expense of setup slack. Such pins are:
	apuf_parallel_uart_design_i/apuf_parallel_0/inst/u_apuf_parallel/genblk1[3].apuf_path_i_inst_0/genblk1[2].mux2x1_i_inst_0/q_INST_0/I1
	apuf_parallel_uart_design_i/apuf_parallel_0/inst/u_apuf_parallel/genblk1[3].apuf_path_i_inst_0/genblk1[2].mux2x1_i_inst_1/q_INST_0/I1
	apuf_parallel_uart_design_i/apuf_parallel_0/inst/u_apuf_parallel/genblk1[1].apuf_path_i_inst_0/genblk1[9].mux2x1_i_inst_0/q_INST_0/I1
	apuf_parallel_uart_design_i/apuf_parallel_0/inst/u_apuf_parallel/genblk1[3].apuf_path_i_inst_0/genblk1[0].mux2x1_i_inst_0/q_INST_0/I2
	apuf_parallel_uart_design_i/apuf_parallel_0/inst/u_apuf_parallel/genblk1[3].apuf_path_i_inst_0/genblk1[0].mux2x1_i_inst_1/q_INST_0/I2
	apuf_parallel_uart_design_i/apuf_parallel_0/inst/u_apuf_parallel/genblk1[3].apuf_path_i_inst_0/genblk1[0].mux2x1_i_inst_0/q_INST_0/I0
	apuf_parallel_uart_design_i/apuf_parallel_0/inst/u_apuf_parallel/genblk1[3].apuf_path_i_inst_0/genblk1[0].mux2x1_i_inst_1/q_INST_0/I0
	apuf_parallel_uart_design_i/apuf_parallel_0/inst/u_apuf_parallel/genblk1[3].apuf_path_i_inst_0/genblk1[1].mux2x1_i_inst_0/q_INST_0/I2
	apuf_parallel_uart_design_i/apuf_parallel_0/inst/u_apuf_parallel/genblk1[3].apuf_path_i_inst_0/genblk1[1].mux2x1_i_inst_1/q_INST_0/I0
	apuf_parallel_uart_design_i/apuf_parallel_0/inst/u_apuf_parallel/genblk1[3].apuf_path_i_inst_0/genblk1[1].mux2x1_i_inst_1/q_INST_0/I2
	.. and 1339 more pins.

Phase 6 Post Hold Fix | Checksum: 236448181

Time (s): cpu = 00:16:14 ; elapsed = 00:09:10 . Memory (MB): peak = 1681.426 ; gain = 364.793

Phase 7 Route finalize

Router Utilization Summary
  Global Vertical Routing Utilization    = 4.91624 %
  Global Horizontal Routing Utilization  = 4.78309 %
  Routable Net Status*
  *Does not include unroutable nets such as driverless and loadless.
  Run report_route_status for detailed report.
  Number of Failed Nets               = 0
  Number of Unrouted Nets             = 0
  Number of Partially Routed Nets     = 0
  Number of Node Overlaps             = 0

Congestion Report
North Dir 1x1 Area, Max Cong = 74.7748%, No Congested Regions.
South Dir 1x1 Area, Max Cong = 78.3784%, No Congested Regions.
East Dir 1x1 Area, Max Cong = 73.5294%, No Congested Regions.
West Dir 1x1 Area, Max Cong = 69.1176%, No Congested Regions.

------------------------------
Reporting congestion hotspots
------------------------------
Direction: North
----------------
Congested clusters found at Level 0
Effective congestion level: 0 Aspect Ratio: 1 Sparse Ratio: 0
Direction: South
----------------
Congested clusters found at Level 0
Effective congestion level: 0 Aspect Ratio: 1 Sparse Ratio: 0
Direction: East
----------------
Congested clusters found at Level 0
Effective congestion level: 0 Aspect Ratio: 1 Sparse Ratio: 0
Direction: West
----------------
Congested clusters found at Level 0
Effective congestion level: 0 Aspect Ratio: 1 Sparse Ratio: 0

Phase 7 Route finalize | Checksum: 1d7807752

Time (s): cpu = 00:16:14 ; elapsed = 00:09:10 . Memory (MB): peak = 1681.426 ; gain = 364.793

Phase 8 Verifying routed nets

 Verification completed successfully
Phase 8 Verifying routed nets | Checksum: 1d7807752

Time (s): cpu = 00:16:14 ; elapsed = 00:09:10 . Memory (MB): peak = 1681.426 ; gain = 364.793

Phase 9 Depositing Routes
Phase 9 Depositing Routes | Checksum: 10c412826

Time (s): cpu = 00:16:14 ; elapsed = 00:09:10 . Memory (MB): peak = 1681.426 ; gain = 364.793

Phase 10 Post Router Timing

Phase 10.1 Update Timing
Phase 10.1 Update Timing | Checksum: e892abb7

Time (s): cpu = 00:16:15 ; elapsed = 00:09:10 . Memory (MB): peak = 1681.426 ; gain = 364.793
INFO: [Route 35-57] Estimated Timing Summary | WNS=-120.840| TNS=-1227.661| WHS=-138.462| THS=-1072.340|

WARNING: [Route 35-328] Router estimated timing not met.
Resolution: For a complete and accurate timing signoff, report_timing_summary must be run after route_design. Alternatively, route_design can be run with the -timing_summary option to enable a complete timing signoff at the end of route_design.
Phase 10 Post Router Timing | Checksum: e892abb7

Time (s): cpu = 00:16:15 ; elapsed = 00:09:10 . Memory (MB): peak = 1681.426 ; gain = 364.793
INFO: [Route 35-16] Router Completed Successfully

Time (s): cpu = 00:16:15 ; elapsed = 00:09:10 . Memory (MB): peak = 1681.426 ; gain = 364.793

Routing Is Done.
INFO: [Common 17-83] Releasing license: Implementation
73 Infos, 10 Warnings, 0 Critical Warnings and 0 Errors encountered.
route_design completed successfully
route_design: Time (s): cpu = 00:16:17 ; elapsed = 00:09:12 . Memory (MB): peak = 1681.426 ; gain = 364.793
INFO: [Timing 38-480] Writing timing data to binary archive.
Writing placer database...
Writing XDEF routing.
Writing XDEF routing logical nets.
Writing XDEF routing special nets.
Write XDEF Complete: Time (s): cpu = 00:00:01 ; elapsed = 00:00:00.391 . Memory (MB): peak = 1681.426 ; gain = 0.000
INFO: [Common 17-1381] The checkpoint 'D:/WorkSpace/HDL/yadro_practice/project/apuf_parallel_uart_v1.0/apuf_parallel_uart_v1.0.runs/impl_1/apuf_parallel_uart_design_wrapper_routed.dcp' has been generated.
INFO: [runtcl-4] Executing : report_drc -file apuf_parallel_uart_design_wrapper_drc_routed.rpt -pb apuf_parallel_uart_design_wrapper_drc_routed.pb -rpx apuf_parallel_uart_design_wrapper_drc_routed.rpx
Command: report_drc -file apuf_parallel_uart_design_wrapper_drc_routed.rpt -pb apuf_parallel_uart_design_wrapper_drc_routed.pb -rpx apuf_parallel_uart_design_wrapper_drc_routed.rpx
INFO: [DRC 23-27] Running DRC with 2 threads
INFO: [Coretcl 2-168] The results of DRC are in file D:/WorkSpace/HDL/yadro_practice/project/apuf_parallel_uart_v1.0/apuf_parallel_uart_v1.0.runs/impl_1/apuf_parallel_uart_design_wrapper_drc_routed.rpt.
report_drc completed successfully
INFO: [runtcl-4] Executing : report_methodology -file apuf_parallel_uart_design_wrapper_methodology_drc_routed.rpt -pb apuf_parallel_uart_design_wrapper_methodology_drc_routed.pb -rpx apuf_parallel_uart_design_wrapper_methodology_drc_routed.rpx
Command: report_methodology -file apuf_parallel_uart_design_wrapper_methodology_drc_routed.rpt -pb apuf_parallel_uart_design_wrapper_methodology_drc_routed.pb -rpx apuf_parallel_uart_design_wrapper_methodology_drc_routed.rpx
INFO: [Timing 38-35] Done setting XDC timing constraints.
INFO: [Timing 38-35] Done setting XDC timing constraints.
INFO: [DRC 23-133] Running Methodology with 2 threads
INFO: [Coretcl 2-1520] The results of Report Methodology are in file D:/WorkSpace/HDL/yadro_practice/project/apuf_parallel_uart_v1.0/apuf_parallel_uart_v1.0.runs/impl_1/apuf_parallel_uart_design_wrapper_methodology_drc_routed.rpt.
report_methodology completed successfully
INFO: [runtcl-4] Executing : report_power -file apuf_parallel_uart_design_wrapper_power_routed.rpt -pb apuf_parallel_uart_design_wrapper_power_summary_routed.pb -rpx apuf_parallel_uart_design_wrapper_power_routed.rpx
Command: report_power -file apuf_parallel_uart_design_wrapper_power_routed.rpt -pb apuf_parallel_uart_design_wrapper_power_summary_routed.pb -rpx apuf_parallel_uart_design_wrapper_power_routed.rpx
INFO: [Timing 38-35] Done setting XDC timing constraints.
Running Vector-less Activity Propagation...

Finished Running Vector-less Activity Propagation
85 Infos, 10 Warnings, 0 Critical Warnings and 0 Errors encountered.
report_power completed successfully
INFO: [runtcl-4] Executing : report_route_status -file apuf_parallel_uart_design_wrapper_route_status.rpt -pb apuf_parallel_uart_design_wrapper_route_status.pb
INFO: [runtcl-4] Executing : report_timing_summary -max_paths 10 -file apuf_parallel_uart_design_wrapper_timing_summary_routed.rpt -pb apuf_parallel_uart_design_wrapper_timing_summary_routed.pb -rpx apuf_parallel_uart_design_wrapper_timing_summary_routed.rpx -warn_on_violation 
INFO: [Timing 38-91] UpdateTimingParams: Speed grade: -1, Delay Type: min_max, Timing Stage: Requireds.
INFO: [Timing 38-191] Multithreading enabled for timing update using a maximum of 2 CPUs
CRITICAL WARNING: [Timing 38-282] The design failed to meet the timing requirements. Please see the timing summary report for details on the timing violations.
INFO: [runtcl-4] Executing : report_incremental_reuse -file apuf_parallel_uart_design_wrapper_incremental_reuse_routed.rpt
INFO: [Vivado_Tcl 4-545] No incremental reuse to report, no incremental placement and routing data was found.
INFO: [runtcl-4] Executing : report_clock_utilization -file apuf_parallel_uart_design_wrapper_clock_utilization_routed.rpt
INFO: [runtcl-4] Executing : report_bus_skew -warn_on_violation -file apuf_parallel_uart_design_wrapper_bus_skew_routed.rpt -pb apuf_parallel_uart_design_wrapper_bus_skew_routed.pb -rpx apuf_parallel_uart_design_wrapper_bus_skew_routed.rpx
INFO: [Timing 38-91] UpdateTimingParams: Speed grade: -1, Delay Type: min_max, Timing Stage: Requireds.
INFO: [Timing 38-191] Multithreading enabled for timing update using a maximum of 2 CPUs
Command: write_bitstream -force apuf_parallel_uart_design_wrapper.bit
Attempting to get a license for feature 'Implementation' and/or device 'xc7z010'
INFO: [Common 17-349] Got license for feature 'Implementation' and/or device 'xc7z010'
Running DRC as a precondition to command write_bitstream
INFO: [DRC 23-27] Running DRC with 2 threads
WARNING: [DRC PDRC-153] Gated clock check: Net apuf_parallel_uart_design_i/apuf_parallel_0/inst/u_apuf_parallel/genblk1[0].apuf_path_i_inst_0/genblk1[127].mux2x1_i_inst_1/q is a gated clock net sourced by a combinational pin apuf_parallel_uart_design_i/apuf_parallel_0/inst/u_apuf_parallel/genblk1[0].apuf_path_i_inst_0/genblk1[127].mux2x1_i_inst_1/q_INST_0/O, cell apuf_parallel_uart_design_i/apuf_parallel_0/inst/u_apuf_parallel/genblk1[0].apuf_path_i_inst_0/genblk1[127].mux2x1_i_inst_1/q_INST_0. This is not good design practice and will likely impact performance. For SLICE registers, for example, use the CE pin to control the loading of data.
WARNING: [DRC PDRC-153] Gated clock check: Net apuf_parallel_uart_design_i/apuf_parallel_0/inst/u_apuf_parallel/genblk1[1].apuf_path_i_inst_0/genblk1[127].mux2x1_i_inst_1/q is a gated clock net sourced by a combinational pin apuf_parallel_uart_design_i/apuf_parallel_0/inst/u_apuf_parallel/genblk1[1].apuf_path_i_inst_0/genblk1[127].mux2x1_i_inst_1/q_INST_0/O, cell apuf_parallel_uart_design_i/apuf_parallel_0/inst/u_apuf_parallel/genblk1[1].apuf_path_i_inst_0/genblk1[127].mux2x1_i_inst_1/q_INST_0. This is not good design practice and will likely impact performance. For SLICE registers, for example, use the CE pin to control the loading of data.
WARNING: [DRC PDRC-153] Gated clock check: Net apuf_parallel_uart_design_i/apuf_parallel_0/inst/u_apuf_parallel/genblk1[2].apuf_path_i_inst_0/genblk1[127].mux2x1_i_inst_1/q is a gated clock net sourced by a combinational pin apuf_parallel_uart_design_i/apuf_parallel_0/inst/u_apuf_parallel/genblk1[2].apuf_path_i_inst_0/genblk1[127].mux2x1_i_inst_1/q_INST_0/O, cell apuf_parallel_uart_design_i/apuf_parallel_0/inst/u_apuf_parallel/genblk1[2].apuf_path_i_inst_0/genblk1[127].mux2x1_i_inst_1/q_INST_0. This is not good design practice and will likely impact performance. For SLICE registers, for example, use the CE pin to control the loading of data.
WARNING: [DRC PDRC-153] Gated clock check: Net apuf_parallel_uart_design_i/apuf_parallel_0/inst/u_apuf_parallel/genblk1[3].apuf_path_i_inst_0/genblk1[127].mux2x1_i_inst_1/q is a gated clock net sourced by a combinational pin apuf_parallel_uart_design_i/apuf_parallel_0/inst/u_apuf_parallel/genblk1[3].apuf_path_i_inst_0/genblk1[127].mux2x1_i_inst_1/q_INST_0/O, cell apuf_parallel_uart_design_i/apuf_parallel_0/inst/u_apuf_parallel/genblk1[3].apuf_path_i_inst_0/genblk1[127].mux2x1_i_inst_1/q_INST_0. This is not good design practice and will likely impact performance. For SLICE registers, for example, use the CE pin to control the loading of data.
WARNING: [DRC PDRC-153] Gated clock check: Net apuf_parallel_uart_design_i/apuf_parallel_0/inst/u_apuf_parallel/genblk1[4].apuf_path_i_inst_0/genblk1[127].mux2x1_i_inst_1/q is a gated clock net sourced by a combinational pin apuf_parallel_uart_design_i/apuf_parallel_0/inst/u_apuf_parallel/genblk1[4].apuf_path_i_inst_0/genblk1[127].mux2x1_i_inst_1/q_INST_0/O, cell apuf_parallel_uart_design_i/apuf_parallel_0/inst/u_apuf_parallel/genblk1[4].apuf_path_i_inst_0/genblk1[127].mux2x1_i_inst_1/q_INST_0. This is not good design practice and will likely impact performance. For SLICE registers, for example, use the CE pin to control the loading of data.
WARNING: [DRC PDRC-153] Gated clock check: Net apuf_parallel_uart_design_i/apuf_parallel_0/inst/u_apuf_parallel/genblk1[5].apuf_path_i_inst_0/genblk1[127].mux2x1_i_inst_1/q is a gated clock net sourced by a combinational pin apuf_parallel_uart_design_i/apuf_parallel_0/inst/u_apuf_parallel/genblk1[5].apuf_path_i_inst_0/genblk1[127].mux2x1_i_inst_1/q_INST_0/O, cell apuf_parallel_uart_design_i/apuf_parallel_0/inst/u_apuf_parallel/genblk1[5].apuf_path_i_inst_0/genblk1[127].mux2x1_i_inst_1/q_INST_0. This is not good design practice and will likely impact performance. For SLICE registers, for example, use the CE pin to control the loading of data.
WARNING: [DRC PDRC-153] Gated clock check: Net apuf_parallel_uart_design_i/apuf_parallel_0/inst/u_apuf_parallel/genblk1[6].apuf_path_i_inst_0/genblk1[127].mux2x1_i_inst_1/q is a gated clock net sourced by a combinational pin apuf_parallel_uart_design_i/apuf_parallel_0/inst/u_apuf_parallel/genblk1[6].apuf_path_i_inst_0/genblk1[127].mux2x1_i_inst_1/q_INST_0/O, cell apuf_parallel_uart_design_i/apuf_parallel_0/inst/u_apuf_parallel/genblk1[6].apuf_path_i_inst_0/genblk1[127].mux2x1_i_inst_1/q_INST_0. This is not good design practice and will likely impact performance. For SLICE registers, for example, use the CE pin to control the loading of data.
WARNING: [DRC PDRC-153] Gated clock check: Net apuf_parallel_uart_design_i/apuf_parallel_0/inst/u_apuf_parallel/genblk1[7].apuf_path_i_inst_0/genblk1[127].mux2x1_i_inst_1/q is a gated clock net sourced by a combinational pin apuf_parallel_uart_design_i/apuf_parallel_0/inst/u_apuf_parallel/genblk1[7].apuf_path_i_inst_0/genblk1[127].mux2x1_i_inst_1/q_INST_0/O, cell apuf_parallel_uart_design_i/apuf_parallel_0/inst/u_apuf_parallel/genblk1[7].apuf_path_i_inst_0/genblk1[127].mux2x1_i_inst_1/q_INST_0. This is not good design practice and will likely impact performance. For SLICE registers, for example, use the CE pin to control the loading of data.
WARNING: [DRC PLHOLDVIO-2] Non-Optimal connections which could lead to hold violations: A LUT apuf_parallel_uart_design_i/apuf_parallel_0/inst/u_apuf_parallel/genblk1[0].apuf_path_i_inst_0/genblk1[127].mux2x1_i_inst_1/q_INST_0 is driving clock pin of 1 cells. This could lead to large hold time violations. First few involved cells are:
    apuf_parallel_uart_design_i/apuf_parallel_0/inst/u_apuf_parallel/genblk1[0].apuf_path_i_inst_0/d_ff_inst_0/q_ff_reg {FDRE}
WARNING: [DRC PLHOLDVIO-2] Non-Optimal connections which could lead to hold violations: A LUT apuf_parallel_uart_design_i/apuf_parallel_0/inst/u_apuf_parallel/genblk1[1].apuf_path_i_inst_0/genblk1[127].mux2x1_i_inst_1/q_INST_0 is driving clock pin of 1 cells. This could lead to large hold time violations. First few involved cells are:
    apuf_parallel_uart_design_i/apuf_parallel_0/inst/u_apuf_parallel/genblk1[1].apuf_path_i_inst_0/d_ff_inst_0/q_ff_reg {FDRE}
WARNING: [DRC PLHOLDVIO-2] Non-Optimal connections which could lead to hold violations: A LUT apuf_parallel_uart_design_i/apuf_parallel_0/inst/u_apuf_parallel/genblk1[2].apuf_path_i_inst_0/genblk1[127].mux2x1_i_inst_1/q_INST_0 is driving clock pin of 1 cells. This could lead to large hold time violations. First few involved cells are:
    apuf_parallel_uart_design_i/apuf_parallel_0/inst/u_apuf_parallel/genblk1[2].apuf_path_i_inst_0/d_ff_inst_0/q_ff_reg {FDRE}
WARNING: [DRC PLHOLDVIO-2] Non-Optimal connections which could lead to hold violations: A LUT apuf_parallel_uart_design_i/apuf_parallel_0/inst/u_apuf_parallel/genblk1[3].apuf_path_i_inst_0/genblk1[127].mux2x1_i_inst_1/q_INST_0 is driving clock pin of 1 cells. This could lead to large hold time violations. First few involved cells are:
    apuf_parallel_uart_design_i/apuf_parallel_0/inst/u_apuf_parallel/genblk1[3].apuf_path_i_inst_0/d_ff_inst_0/q_ff_reg {FDRE}
WARNING: [DRC PLHOLDVIO-2] Non-Optimal connections which could lead to hold violations: A LUT apuf_parallel_uart_design_i/apuf_parallel_0/inst/u_apuf_parallel/genblk1[4].apuf_path_i_inst_0/genblk1[127].mux2x1_i_inst_1/q_INST_0 is driving clock pin of 1 cells. This could lead to large hold time violations. First few involved cells are:
    apuf_parallel_uart_design_i/apuf_parallel_0/inst/u_apuf_parallel/genblk1[4].apuf_path_i_inst_0/d_ff_inst_0/q_ff_reg {FDRE}
WARNING: [DRC PLHOLDVIO-2] Non-Optimal connections which could lead to hold violations: A LUT apuf_parallel_uart_design_i/apuf_parallel_0/inst/u_apuf_parallel/genblk1[5].apuf_path_i_inst_0/genblk1[127].mux2x1_i_inst_1/q_INST_0 is driving clock pin of 1 cells. This could lead to large hold time violations. First few involved cells are:
    apuf_parallel_uart_design_i/apuf_parallel_0/inst/u_apuf_parallel/genblk1[5].apuf_path_i_inst_0/d_ff_inst_0/q_ff_reg {FDRE}
WARNING: [DRC PLHOLDVIO-2] Non-Optimal connections which could lead to hold violations: A LUT apuf_parallel_uart_design_i/apuf_parallel_0/inst/u_apuf_parallel/genblk1[6].apuf_path_i_inst_0/genblk1[127].mux2x1_i_inst_1/q_INST_0 is driving clock pin of 1 cells. This could lead to large hold time violations. First few involved cells are:
    apuf_parallel_uart_design_i/apuf_parallel_0/inst/u_apuf_parallel/genblk1[6].apuf_path_i_inst_0/d_ff_inst_0/q_ff_reg {FDRE}
WARNING: [DRC PLHOLDVIO-2] Non-Optimal connections which could lead to hold violations: A LUT apuf_parallel_uart_design_i/apuf_parallel_0/inst/u_apuf_parallel/genblk1[7].apuf_path_i_inst_0/genblk1[127].mux2x1_i_inst_1/q_INST_0 is driving clock pin of 1 cells. This could lead to large hold time violations. First few involved cells are:
    apuf_parallel_uart_design_i/apuf_parallel_0/inst/u_apuf_parallel/genblk1[7].apuf_path_i_inst_0/d_ff_inst_0/q_ff_reg {FDRE}
INFO: [Vivado 12-3199] DRC finished with 0 Errors, 16 Warnings
INFO: [Vivado 12-3200] Please refer to the DRC report (report_drc) for more information.
INFO: [Designutils 20-2272] Running write_bitstream with 2 threads.
Loading data files...
Loading site data...
Loading route data...
Processing options...
Creating bitmap...
Creating bitstream...
Writing bitstream ./apuf_parallel_uart_design_wrapper.bit...
INFO: [Vivado 12-1842] Bitgen Completed Successfully.
INFO: [Project 1-120] WebTalk data collection is mandatory when using a WebPACK part without a full Vivado license. To see the specific WebTalk data collected for your design, open the usage_statistics_webtalk.html or usage_statistics_webtalk.xml file in the implementation directory.
INFO: [Common 17-83] Releasing license: Implementation
103 Infos, 26 Warnings, 1 Critical Warnings and 0 Errors encountered.
write_bitstream completed successfully
write_bitstream: Time (s): cpu = 00:00:14 ; elapsed = 00:00:15 . Memory (MB): peak = 1870.309 ; gain = 188.883
INFO: [Common 17-206] Exiting Vivado at Mon Jun 15 15:30:27 2026...
