Copyright 1986-2018 Xilinx, Inc. All Rights Reserved.
------------------------------------------------------------------------------------
| Tool Version : Vivado v.2018.2 (win64) Build 2258646 Thu Jun 14 20:03:12 MDT 2018
| Date         : Mon Jun 15 15:17:58 2026
| Host         : Shef running 64-bit major release  (build 9200)
| Command      : upgrade_ip
| Device       : xc7z010clg400-1
------------------------------------------------------------------------------------

Upgrade Log for IP 'apuf_parallel_uart_design_apuf_parallel_0_0'

1. Summary
----------

SUCCESS in the conversion of apuf_parallel_uart_design_apuf_parallel_0_0 (xilinx.com:user:apuf_parallel:1.0 (Rev. 1)) to Vivado generation flows.






Copyright 1986-2018 Xilinx, Inc. All Rights Reserved.
------------------------------------------------------------------------------------
| Tool Version : Vivado v.2018.2 (win64) Build 2258646 Thu Jun 14 20:03:12 MDT 2018
| Date         : Mon Jun 15 15:01:51 2026
| Host         : Shef running 64-bit major release  (build 9200)
| Command      : upgrade_ip
| Device       : xc7z010clg400-1
------------------------------------------------------------------------------------

Upgrade Log for IP 'apuf_parallel_uart_design_apuf_parallel_0_0'

1. Summary
----------

SUCCESS in the conversion of apuf_parallel_uart_design_apuf_parallel_0_0 (xilinx.com:user:apuf_parallel:1.0 (Rev. 1)) to Vivado generation flows.

